{"D:\\workspace\\stack\\expressjs\\mahati-backend\\app.js": {"path":"D:\\workspace\\stack\\expressjs\\mahati-backend\\app.js","statementMap":{"0":{"start":{"line":5,"column":12},"end":{"line":5,"column":21}},"1":{"start":{"line":6,"column":13},"end":{"line":6,"column":37}},"2":{"start":{"line":7,"column":13},"end":{"line":7,"column":29}},"3":{"start":{"line":9,"column":20},"end":{"line":18,"column":1}},"4":{"start":{"line":20,"column":0},"end":{"line":20,"column":24}},"5":{"start":{"line":21,"column":0},"end":{"line":21,"column":48}},"6":{"start":{"line":22,"column":0},"end":{"line":22,"column":27}},"7":{"start":{"line":24,"column":0},"end":{"line":28,"column":3}},"8":{"start":{"line":25,"column":2},"end":{"line":27,"column":4}},"9":{"start":{"line":30,"column":0},"end":{"line":30,"column":66}},"10":{"start":{"line":31,"column":0},"end":{"line":31,"column":24}}},"fnMap":{"0":{"name":"(anonymous_0)","decl":{"start":{"line":24,"column":13},"end":{"line":24,"column":14}},"loc":{"start":{"line":24,"column":33},"end":{"line":28,"column":1}},"line":24}},"branchMap":{"0":{"loc":{"start":{"line":6,"column":13},"end":{"line":6,"column":37}},"type":"binary-expr","locations":[{"start":{"line":6,"column":13},"end":{"line":6,"column":29}},{"start":{"line":6,"column":33},"end":{"line":6,"column":37}}],"line":6}},"s":{"0":2,"1":2,"2":2,"3":2,"4":2,"5":2,"6":2,"7":2,"8":0,"9":2,"10":2},"f":{"0":0},"b":{"0":[2,2]},"_coverageSchema":"1a1c01bbd47fc00a2c39e90264f33305004495a9","hash":"ba3463f35237b5e7f279a14a14c0c0edbb14ed83"}
,"D:\\workspace\\stack\\expressjs\\mahati-backend\\app\\controllers\\admin\\auth.controller.js": {"path":"D:\\workspace\\stack\\expressjs\\mahati-backend\\app\\controllers\\admin\\auth.controller.js","statementMap":{"0":{"start":{"line":6,"column":27},"end":{"line":69,"column":1}},"1":{"start":{"line":7,"column":2},"end":{"line":68,"column":3}},"2":{"start":{"line":8,"column":32},"end":{"line":8,"column":40}},"3":{"start":{"line":10,"column":17},"end":{"line":12,"column":6}},"4":{"start":{"line":14,"column":4},"end":{"line":19,"column":5}},"5":{"start":{"line":15,"column":6},"end":{"line":18,"column":9}},"6":{"start":{"line":21,"column":26},"end":{"line":21,"column":71}},"7":{"start":{"line":23,"column":4},"end":{"line":65,"column":5}},"8":{"start":{"line":24,"column":6},"end":{"line":27,"column":9}},"9":{"start":{"line":29,"column":27},"end":{"line":29,"column":57}},"10":{"start":{"line":30,"column":28},"end":{"line":30,"column":65}},"11":{"start":{"line":31,"column":25},"end":{"line":31,"column":78}},"12":{"start":{"line":33,"column":35},"end":{"line":35,"column":8}},"13":{"start":{"line":36,"column":6},"end":{"line":64,"column":7}},"14":{"start":{"line":37,"column":36},"end":{"line":40,"column":10}},"15":{"start":{"line":42,"column":8},"end":{"line":48,"column":11}},"16":{"start":{"line":50,"column":36},"end":{"line":55,"column":10}},"17":{"start":{"line":57,"column":8},"end":{"line":63,"column":11}},"18":{"start":{"line":67,"column":4},"end":{"line":67,"column":16}}},"fnMap":{"0":{"name":"(anonymous_0)","decl":{"start":{"line":6,"column":27},"end":{"line":6,"column":28}},"loc":{"start":{"line":6,"column":53},"end":{"line":69,"column":1}},"line":6}},"branchMap":{"0":{"loc":{"start":{"line":14,"column":4},"end":{"line":19,"column":5}},"type":"if","locations":[{"start":{"line":14,"column":4},"end":{"line":19,"column":5}},{"start":{},"end":{}}],"line":14},"1":{"loc":{"start":{"line":23,"column":4},"end":{"line":65,"column":5}},"type":"if","locations":[{"start":{"line":23,"column":4},"end":{"line":65,"column":5}},{"start":{"line":28,"column":11},"end":{"line":65,"column":5}}],"line":23},"2":{"loc":{"start":{"line":36,"column":6},"end":{"line":64,"column":7}},"type":"if","locations":[{"start":{"line":36,"column":6},"end":{"line":64,"column":7}},{"start":{"line":49,"column":13},"end":{"line":64,"column":7}}],"line":36}},"s":{"0":2,"1":0,"2":0,"3":0,"4":0,"5":0,"6":0,"7":0,"8":0,"9":0,"10":0,"11":0,"12":0,"13":0,"14":0,"15":0,"16":0,"17":0,"18":0},"f":{"0":0},"b":{"0":[0,0],"1":[0,0],"2":[0,0]},"_coverageSchema":"1a1c01bbd47fc00a2c39e90264f33305004495a9","hash":"3f14884ad83258c7b5226415f3d5bcf80a333f2a"}
,"D:\\workspace\\stack\\expressjs\\mahati-backend\\app\\controllers\\admin\\bloodPressure.controller.js": {"path":"D:\\workspace\\stack\\expressjs\\mahati-backend\\app\\controllers\\admin\\bloodPressure.controller.js","statementMap":{"0":{"start":{"line":5,"column":35},"end":{"line":36,"column":1}},"1":{"start":{"line":6,"column":2},"end":{"line":35,"column":3}},"2":{"start":{"line":7,"column":17},"end":{"line":7,"column":54}},"3":{"start":{"line":8,"column":4},"end":{"line":8,"column":64}},"4":{"start":{"line":8,"column":22},"end":{"line":8,"column":64}},"5":{"start":{"line":10,"column":44},"end":{"line":10,"column":52}},"6":{"start":{"line":11,"column":18},"end":{"line":11,"column":47}},"7":{"start":{"line":13,"column":17},"end":{"line":13,"column":43}},"8":{"start":{"line":15,"column":4},"end":{"line":32,"column":5}},"9":{"start":{"line":16,"column":26},"end":{"line":16,"column":34}},"10":{"start":{"line":17,"column":31},"end":{"line":25,"column":8}},"11":{"start":{"line":26,"column":6},"end":{"line":26,"column":70}},"12":{"start":{"line":28,"column":6},"end":{"line":31,"column":9}},"13":{"start":{"line":34,"column":4},"end":{"line":34,"column":16}},"14":{"start":{"line":38,"column":36},"end":{"line":57,"column":1}},"15":{"start":{"line":39,"column":2},"end":{"line":56,"column":3}},"16":{"start":{"line":40,"column":17},"end":{"line":40,"column":54}},"17":{"start":{"line":41,"column":4},"end":{"line":41,"column":64}},"18":{"start":{"line":41,"column":22},"end":{"line":41,"column":64}},"19":{"start":{"line":43,"column":17},"end":{"line":43,"column":43}},"20":{"start":{"line":45,"column":4},"end":{"line":53,"column":5}},"21":{"start":{"line":46,"column":29},"end":{"line":46,"column":68}},"22":{"start":{"line":47,"column":6},"end":{"line":47,"column":63}},"23":{"start":{"line":49,"column":6},"end":{"line":52,"column":9}},"24":{"start":{"line":55,"column":4},"end":{"line":55,"column":16}},"25":{"start":{"line":59,"column":36},"end":{"line":87,"column":1}},"26":{"start":{"line":60,"column":2},"end":{"line":86,"column":3}},"27":{"start":{"line":61,"column":17},"end":{"line":61,"column":54}},"28":{"start":{"line":62,"column":4},"end":{"line":62,"column":64}},"29":{"start":{"line":62,"column":22},"end":{"line":62,"column":64}},"30":{"start":{"line":64,"column":17},"end":{"line":64,"column":43}},"31":{"start":{"line":66,"column":4},"end":{"line":83,"column":5}},"32":{"start":{"line":67,"column":30},"end":{"line":67,"column":53}},"33":{"start":{"line":68,"column":28},"end":{"line":70,"column":8}},"34":{"start":{"line":71,"column":6},"end":{"line":76,"column":7}},"35":{"start":{"line":72,"column":8},"end":{"line":75,"column":11}},"36":{"start":{"line":77,"column":6},"end":{"line":77,"column":55}},"37":{"start":{"line":79,"column":6},"end":{"line":82,"column":9}},"38":{"start":{"line":85,"column":4},"end":{"line":85,"column":16}},"39":{"start":{"line":89,"column":35},"end":{"line":132,"column":1}},"40":{"start":{"line":90,"column":2},"end":{"line":131,"column":3}},"41":{"start":{"line":91,"column":28},"end":{"line":91,"column":51}},"42":{"start":{"line":93,"column":17},"end":{"line":93,"column":54}},"43":{"start":{"line":94,"column":4},"end":{"line":94,"column":64}},"44":{"start":{"line":94,"column":22},"end":{"line":94,"column":64}},"45":{"start":{"line":96,"column":16},"end":{"line":96,"column":57}},"46":{"start":{"line":97,"column":17},"end":{"line":97,"column":43}},"47":{"start":{"line":99,"column":4},"end":{"line":128,"column":5}},"48":{"start":{"line":100,"column":55},"end":{"line":100,"column":63}},"49":{"start":{"line":101,"column":28},"end":{"line":103,"column":8}},"50":{"start":{"line":105,"column":6},"end":{"line":110,"column":7}},"51":{"start":{"line":106,"column":8},"end":{"line":109,"column":11}},"52":{"start":{"line":112,"column":35},"end":{"line":121,"column":8}},"53":{"start":{"line":122,"column":6},"end":{"line":122,"column":62}},"54":{"start":{"line":124,"column":6},"end":{"line":127,"column":9}},"55":{"start":{"line":130,"column":4},"end":{"line":130,"column":16}},"56":{"start":{"line":134,"column":35},"end":{"line":168,"column":1}},"57":{"start":{"line":135,"column":2},"end":{"line":167,"column":3}},"58":{"start":{"line":136,"column":17},"end":{"line":136,"column":54}},"59":{"start":{"line":137,"column":4},"end":{"line":137,"column":64}},"60":{"start":{"line":137,"column":22},"end":{"line":137,"column":64}},"61":{"start":{"line":139,"column":17},"end":{"line":139,"column":43}},"62":{"start":{"line":141,"column":4},"end":{"line":164,"column":5}},"63":{"start":{"line":142,"column":30},"end":{"line":142,"column":53}},"64":{"start":{"line":143,"column":28},"end":{"line":145,"column":8}},"65":{"start":{"line":147,"column":6},"end":{"line":152,"column":7}},"66":{"start":{"line":148,"column":8},"end":{"line":151,"column":11}},"67":{"start":{"line":154,"column":6},"end":{"line":156,"column":9}},"68":{"start":{"line":158,"column":6},"end":{"line":158,"column":77}},"69":{"start":{"line":160,"column":6},"end":{"line":163,"column":9}},"70":{"start":{"line":166,"column":4},"end":{"line":166,"column":16}}},"fnMap":{"0":{"name":"(anonymous_0)","decl":{"start":{"line":5,"column":35},"end":{"line":5,"column":36}},"loc":{"start":{"line":5,"column":61},"end":{"line":36,"column":1}},"line":5},"1":{"name":"(anonymous_1)","decl":{"start":{"line":38,"column":36},"end":{"line":38,"column":37}},"loc":{"start":{"line":38,"column":62},"end":{"line":57,"column":1}},"line":38},"2":{"name":"(anonymous_2)","decl":{"start":{"line":59,"column":36},"end":{"line":59,"column":37}},"loc":{"start":{"line":59,"column":62},"end":{"line":87,"column":1}},"line":59},"3":{"name":"(anonymous_3)","decl":{"start":{"line":89,"column":35},"end":{"line":89,"column":36}},"loc":{"start":{"line":89,"column":61},"end":{"line":132,"column":1}},"line":89},"4":{"name":"(anonymous_4)","decl":{"start":{"line":134,"column":35},"end":{"line":134,"column":36}},"loc":{"start":{"line":134,"column":61},"end":{"line":168,"column":1}},"line":134}},"branchMap":{"0":{"loc":{"start":{"line":8,"column":4},"end":{"line":8,"column":64}},"type":"if","locations":[{"start":{"line":8,"column":4},"end":{"line":8,"column":64}},{"start":{},"end":{}}],"line":8},"1":{"loc":{"start":{"line":11,"column":18},"end":{"line":11,"column":47}},"type":"cond-expr","locations":[{"start":{"line":11,"column":29},"end":{"line":11,"column":42}},{"start":{"line":11,"column":45},"end":{"line":11,"column":47}}],"line":11},"2":{"loc":{"start":{"line":15,"column":4},"end":{"line":32,"column":5}},"type":"if","locations":[{"start":{"line":15,"column":4},"end":{"line":32,"column":5}},{"start":{"line":27,"column":11},"end":{"line":32,"column":5}}],"line":15},"3":{"loc":{"start":{"line":41,"column":4},"end":{"line":41,"column":64}},"type":"if","locations":[{"start":{"line":41,"column":4},"end":{"line":41,"column":64}},{"start":{},"end":{}}],"line":41},"4":{"loc":{"start":{"line":45,"column":4},"end":{"line":53,"column":5}},"type":"if","locations":[{"start":{"line":45,"column":4},"end":{"line":53,"column":5}},{"start":{"line":48,"column":11},"end":{"line":53,"column":5}}],"line":45},"5":{"loc":{"start":{"line":62,"column":4},"end":{"line":62,"column":64}},"type":"if","locations":[{"start":{"line":62,"column":4},"end":{"line":62,"column":64}},{"start":{},"end":{}}],"line":62},"6":{"loc":{"start":{"line":66,"column":4},"end":{"line":83,"column":5}},"type":"if","locations":[{"start":{"line":66,"column":4},"end":{"line":83,"column":5}},{"start":{"line":78,"column":11},"end":{"line":83,"column":5}}],"line":66},"7":{"loc":{"start":{"line":71,"column":6},"end":{"line":76,"column":7}},"type":"if","locations":[{"start":{"line":71,"column":6},"end":{"line":76,"column":7}},{"start":{},"end":{}}],"line":71},"8":{"loc":{"start":{"line":94,"column":4},"end":{"line":94,"column":64}},"type":"if","locations":[{"start":{"line":94,"column":4},"end":{"line":94,"column":64}},{"start":{},"end":{}}],"line":94},"9":{"loc":{"start":{"line":96,"column":16},"end":{"line":96,"column":57}},"type":"cond-expr","locations":[{"start":{"line":96,"column":27},"end":{"line":96,"column":40}},{"start":{"line":96,"column":43},"end":{"line":96,"column":57}}],"line":96},"10":{"loc":{"start":{"line":99,"column":4},"end":{"line":128,"column":5}},"type":"if","locations":[{"start":{"line":99,"column":4},"end":{"line":128,"column":5}},{"start":{"line":123,"column":11},"end":{"line":128,"column":5}}],"line":99},"11":{"loc":{"start":{"line":105,"column":6},"end":{"line":110,"column":7}},"type":"if","locations":[{"start":{"line":105,"column":6},"end":{"line":110,"column":7}},{"start":{},"end":{}}],"line":105},"12":{"loc":{"start":{"line":137,"column":4},"end":{"line":137,"column":64}},"type":"if","locations":[{"start":{"line":137,"column":4},"end":{"line":137,"column":64}},{"start":{},"end":{}}],"line":137},"13":{"loc":{"start":{"line":141,"column":4},"end":{"line":164,"column":5}},"type":"if","locations":[{"start":{"line":141,"column":4},"end":{"line":164,"column":5}},{"start":{"line":159,"column":11},"end":{"line":164,"column":5}}],"line":141},"14":{"loc":{"start":{"line":147,"column":6},"end":{"line":152,"column":7}},"type":"if","locations":[{"start":{"line":147,"column":6},"end":{"line":152,"column":7}},{"start":{},"end":{}}],"line":147}},"s":{"0":2,"1":0,"2":0,"3":0,"4":0,"5":0,"6":0,"7":0,"8":0,"9":0,"10":0,"11":0,"12":0,"13":0,"14":2,"15":0,"16":0,"17":0,"18":0,"19":0,"20":0,"21":0,"22":0,"23":0,"24":0,"25":2,"26":0,"27":0,"28":0,"29":0,"30":0,"31":0,"32":0,"33":0,"34":0,"35":0,"36":0,"37":0,"38":0,"39":2,"40":0,"41":0,"42":0,"43":0,"44":0,"45":0,"46":0,"47":0,"48":0,"49":0,"50":0,"51":0,"52":0,"53":0,"54":0,"55":0,"56":2,"57":0,"58":0,"59":0,"60":0,"61":0,"62":0,"63":0,"64":0,"65":0,"66":0,"67":0,"68":0,"69":0,"70":0},"f":{"0":0,"1":0,"2":0,"3":0,"4":0},"b":{"0":[0,0],"1":[0,0],"2":[0,0],"3":[0,0],"4":[0,0],"5":[0,0],"6":[0,0],"7":[0,0],"8":[0,0],"9":[0,0],"10":[0,0],"11":[0,0],"12":[0,0],"13":[0,0],"14":[0,0]},"_coverageSchema":"1a1c01bbd47fc00a2c39e90264f33305004495a9","hash":"619e4be06325eaa8e03fe3de68340d096f328d77"}
,"D:\\workspace\\stack\\expressjs\\mahati-backend\\app\\controllers\\admin\\bookmark.controller.js": {"path":"D:\\workspace\\stack\\expressjs\\mahati-backend\\app\\controllers\\admin\\bookmark.controller.js","statementMap":{"0":{"start":{"line":5,"column":30},"end":{"line":32,"column":1}},"1":{"start":{"line":6,"column":2},"end":{"line":31,"column":3}},"2":{"start":{"line":7,"column":17},"end":{"line":7,"column":54}},"3":{"start":{"line":8,"column":4},"end":{"line":8,"column":64}},"4":{"start":{"line":8,"column":22},"end":{"line":8,"column":64}},"5":{"start":{"line":10,"column":25},"end":{"line":10,"column":33}},"6":{"start":{"line":12,"column":17},"end":{"line":12,"column":43}},"7":{"start":{"line":14,"column":4},"end":{"line":28,"column":5}},"8":{"start":{"line":15,"column":26},"end":{"line":15,"column":34}},"9":{"start":{"line":16,"column":28},"end":{"line":21,"column":8}},"10":{"start":{"line":22,"column":6},"end":{"line":22,"column":62}},"11":{"start":{"line":24,"column":6},"end":{"line":27,"column":9}},"12":{"start":{"line":30,"column":4},"end":{"line":30,"column":16}},"13":{"start":{"line":34,"column":31},"end":{"line":53,"column":1}},"14":{"start":{"line":35,"column":2},"end":{"line":52,"column":3}},"15":{"start":{"line":36,"column":17},"end":{"line":36,"column":54}},"16":{"start":{"line":37,"column":4},"end":{"line":37,"column":64}},"17":{"start":{"line":37,"column":22},"end":{"line":37,"column":64}},"18":{"start":{"line":39,"column":17},"end":{"line":39,"column":43}},"19":{"start":{"line":41,"column":4},"end":{"line":49,"column":5}},"20":{"start":{"line":42,"column":29},"end":{"line":42,"column":62}},"21":{"start":{"line":43,"column":6},"end":{"line":43,"column":63}},"22":{"start":{"line":45,"column":6},"end":{"line":48,"column":9}},"23":{"start":{"line":51,"column":4},"end":{"line":51,"column":16}},"24":{"start":{"line":55,"column":31},"end":{"line":78,"column":1}},"25":{"start":{"line":56,"column":2},"end":{"line":77,"column":3}},"26":{"start":{"line":57,"column":17},"end":{"line":57,"column":54}},"27":{"start":{"line":58,"column":4},"end":{"line":58,"column":64}},"28":{"start":{"line":58,"column":22},"end":{"line":58,"column":64}},"29":{"start":{"line":60,"column":23},"end":{"line":60,"column":46}},"30":{"start":{"line":62,"column":17},"end":{"line":62,"column":43}},"31":{"start":{"line":64,"column":4},"end":{"line":74,"column":5}},"32":{"start":{"line":65,"column":28},"end":{"line":67,"column":8}},"33":{"start":{"line":68,"column":6},"end":{"line":68,"column":62}},"34":{"start":{"line":70,"column":6},"end":{"line":73,"column":9}},"35":{"start":{"line":76,"column":4},"end":{"line":76,"column":16}},"36":{"start":{"line":80,"column":30},"end":{"line":107,"column":1}},"37":{"start":{"line":81,"column":2},"end":{"line":106,"column":3}},"38":{"start":{"line":82,"column":17},"end":{"line":82,"column":54}},"39":{"start":{"line":83,"column":4},"end":{"line":83,"column":64}},"40":{"start":{"line":83,"column":22},"end":{"line":83,"column":64}},"41":{"start":{"line":85,"column":23},"end":{"line":85,"column":46}},"42":{"start":{"line":86,"column":25},"end":{"line":86,"column":33}},"43":{"start":{"line":88,"column":17},"end":{"line":88,"column":43}},"44":{"start":{"line":90,"column":4},"end":{"line":103,"column":5}},"45":{"start":{"line":91,"column":28},"end":{"line":96,"column":8}},"46":{"start":{"line":97,"column":6},"end":{"line":97,"column":62}},"47":{"start":{"line":99,"column":6},"end":{"line":102,"column":9}},"48":{"start":{"line":105,"column":4},"end":{"line":105,"column":16}},"49":{"start":{"line":109,"column":30},"end":{"line":132,"column":1}},"50":{"start":{"line":110,"column":2},"end":{"line":131,"column":3}},"51":{"start":{"line":111,"column":17},"end":{"line":111,"column":54}},"52":{"start":{"line":112,"column":4},"end":{"line":112,"column":64}},"53":{"start":{"line":112,"column":22},"end":{"line":112,"column":64}},"54":{"start":{"line":114,"column":23},"end":{"line":114,"column":46}},"55":{"start":{"line":116,"column":17},"end":{"line":116,"column":43}},"56":{"start":{"line":118,"column":4},"end":{"line":128,"column":5}},"57":{"start":{"line":119,"column":28},"end":{"line":121,"column":8}},"58":{"start":{"line":122,"column":6},"end":{"line":122,"column":62}},"59":{"start":{"line":124,"column":6},"end":{"line":127,"column":9}},"60":{"start":{"line":130,"column":4},"end":{"line":130,"column":16}}},"fnMap":{"0":{"name":"(anonymous_0)","decl":{"start":{"line":5,"column":30},"end":{"line":5,"column":31}},"loc":{"start":{"line":5,"column":56},"end":{"line":32,"column":1}},"line":5},"1":{"name":"(anonymous_1)","decl":{"start":{"line":34,"column":31},"end":{"line":34,"column":32}},"loc":{"start":{"line":34,"column":57},"end":{"line":53,"column":1}},"line":34},"2":{"name":"(anonymous_2)","decl":{"start":{"line":55,"column":31},"end":{"line":55,"column":32}},"loc":{"start":{"line":55,"column":57},"end":{"line":78,"column":1}},"line":55},"3":{"name":"(anonymous_3)","decl":{"start":{"line":80,"column":30},"end":{"line":80,"column":31}},"loc":{"start":{"line":80,"column":56},"end":{"line":107,"column":1}},"line":80},"4":{"name":"(anonymous_4)","decl":{"start":{"line":109,"column":30},"end":{"line":109,"column":31}},"loc":{"start":{"line":109,"column":56},"end":{"line":132,"column":1}},"line":109}},"branchMap":{"0":{"loc":{"start":{"line":8,"column":4},"end":{"line":8,"column":64}},"type":"if","locations":[{"start":{"line":8,"column":4},"end":{"line":8,"column":64}},{"start":{},"end":{}}],"line":8},"1":{"loc":{"start":{"line":14,"column":4},"end":{"line":28,"column":5}},"type":"if","locations":[{"start":{"line":14,"column":4},"end":{"line":28,"column":5}},{"start":{"line":23,"column":11},"end":{"line":28,"column":5}}],"line":14},"2":{"loc":{"start":{"line":37,"column":4},"end":{"line":37,"column":64}},"type":"if","locations":[{"start":{"line":37,"column":4},"end":{"line":37,"column":64}},{"start":{},"end":{}}],"line":37},"3":{"loc":{"start":{"line":41,"column":4},"end":{"line":49,"column":5}},"type":"if","locations":[{"start":{"line":41,"column":4},"end":{"line":49,"column":5}},{"start":{"line":44,"column":11},"end":{"line":49,"column":5}}],"line":41},"4":{"loc":{"start":{"line":58,"column":4},"end":{"line":58,"column":64}},"type":"if","locations":[{"start":{"line":58,"column":4},"end":{"line":58,"column":64}},{"start":{},"end":{}}],"line":58},"5":{"loc":{"start":{"line":64,"column":4},"end":{"line":74,"column":5}},"type":"if","locations":[{"start":{"line":64,"column":4},"end":{"line":74,"column":5}},{"start":{"line":69,"column":11},"end":{"line":74,"column":5}}],"line":64},"6":{"loc":{"start":{"line":83,"column":4},"end":{"line":83,"column":64}},"type":"if","locations":[{"start":{"line":83,"column":4},"end":{"line":83,"column":64}},{"start":{},"end":{}}],"line":83},"7":{"loc":{"start":{"line":90,"column":4},"end":{"line":103,"column":5}},"type":"if","locations":[{"start":{"line":90,"column":4},"end":{"line":103,"column":5}},{"start":{"line":98,"column":11},"end":{"line":103,"column":5}}],"line":90},"8":{"loc":{"start":{"line":112,"column":4},"end":{"line":112,"column":64}},"type":"if","locations":[{"start":{"line":112,"column":4},"end":{"line":112,"column":64}},{"start":{},"end":{}}],"line":112},"9":{"loc":{"start":{"line":118,"column":4},"end":{"line":128,"column":5}},"type":"if","locations":[{"start":{"line":118,"column":4},"end":{"line":128,"column":5}},{"start":{"line":123,"column":11},"end":{"line":128,"column":5}}],"line":118}},"s":{"0":2,"1":0,"2":0,"3":0,"4":0,"5":0,"6":0,"7":0,"8":0,"9":0,"10":0,"11":0,"12":0,"13":2,"14":0,"15":0,"16":0,"17":0,"18":0,"19":0,"20":0,"21":0,"22":0,"23":0,"24":2,"25":0,"26":0,"27":0,"28":0,"29":0,"30":0,"31":0,"32":0,"33":0,"34":0,"35":0,"36":2,"37":0,"38":0,"39":0,"40":0,"41":0,"42":0,"43":0,"44":0,"45":0,"46":0,"47":0,"48":0,"49":2,"50":0,"51":0,"52":0,"53":0,"54":0,"55":0,"56":0,"57":0,"58":0,"59":0,"60":0},"f":{"0":0,"1":0,"2":0,"3":0,"4":0},"b":{"0":[0,0],"1":[0,0],"2":[0,0],"3":[0,0],"4":[0,0],"5":[0,0],"6":[0,0],"7":[0,0],"8":[0,0],"9":[0,0]},"_coverageSchema":"1a1c01bbd47fc00a2c39e90264f33305004495a9","hash":"773ad89f26ea29b2d664b0821100020687c60d58"}
,"D:\\workspace\\stack\\expressjs\\mahati-backend\\app\\controllers\\admin\\brochure.controller.js": {"path":"D:\\workspace\\stack\\expressjs\\mahati-backend\\app\\controllers\\admin\\brochure.controller.js","statementMap":{"0":{"start":{"line":6,"column":30},"end":{"line":31,"column":1}},"1":{"start":{"line":7,"column":2},"end":{"line":30,"column":3}},"2":{"start":{"line":8,"column":22},"end":{"line":8,"column":30}},"3":{"start":{"line":9,"column":4},"end":{"line":11,"column":5}},"4":{"start":{"line":10,"column":6},"end":{"line":10,"column":79}},"5":{"start":{"line":13,"column":19},"end":{"line":13,"column":70}},"6":{"start":{"line":13,"column":55},"end":{"line":13,"column":64}},"7":{"start":{"line":15,"column":24},"end":{"line":25,"column":6}},"8":{"start":{"line":19,"column":45},"end":{"line":19,"column":58}},"9":{"start":{"line":27,"column":4},"end":{"line":27,"column":63}},"10":{"start":{"line":29,"column":4},"end":{"line":29,"column":16}},"11":{"start":{"line":33,"column":31},"end":{"line":57,"column":1}},"12":{"start":{"line":34,"column":2},"end":{"line":56,"column":3}},"13":{"start":{"line":35,"column":17},"end":{"line":35,"column":54}},"14":{"start":{"line":36,"column":4},"end":{"line":36,"column":64}},"15":{"start":{"line":36,"column":22},"end":{"line":36,"column":64}},"16":{"start":{"line":38,"column":17},"end":{"line":38,"column":43}},"17":{"start":{"line":40,"column":4},"end":{"line":53,"column":5}},"18":{"start":{"line":41,"column":24},"end":{"line":45,"column":8}},"19":{"start":{"line":47,"column":6},"end":{"line":47,"column":51}},"20":{"start":{"line":49,"column":6},"end":{"line":52,"column":9}},"21":{"start":{"line":55,"column":4},"end":{"line":55,"column":16}},"22":{"start":{"line":59,"column":31},"end":{"line":93,"column":1}},"23":{"start":{"line":60,"column":2},"end":{"line":92,"column":3}},"24":{"start":{"line":61,"column":17},"end":{"line":61,"column":54}},"25":{"start":{"line":62,"column":4},"end":{"line":62,"column":64}},"26":{"start":{"line":62,"column":22},"end":{"line":62,"column":64}},"27":{"start":{"line":64,"column":23},"end":{"line":64,"column":46}},"28":{"start":{"line":66,"column":17},"end":{"line":66,"column":43}},"29":{"start":{"line":68,"column":4},"end":{"line":89,"column":5}},"30":{"start":{"line":69,"column":23},"end":{"line":74,"column":8}},"31":{"start":{"line":76,"column":6},"end":{"line":81,"column":7}},"32":{"start":{"line":77,"column":8},"end":{"line":80,"column":11}},"33":{"start":{"line":83,"column":6},"end":{"line":83,"column":50}},"34":{"start":{"line":85,"column":6},"end":{"line":88,"column":9}},"35":{"start":{"line":91,"column":4},"end":{"line":91,"column":16}},"36":{"start":{"line":95,"column":30},"end":{"line":147,"column":1}},"37":{"start":{"line":96,"column":2},"end":{"line":146,"column":3}},"38":{"start":{"line":97,"column":17},"end":{"line":97,"column":54}},"39":{"start":{"line":98,"column":4},"end":{"line":98,"column":64}},"40":{"start":{"line":98,"column":22},"end":{"line":98,"column":64}},"41":{"start":{"line":100,"column":23},"end":{"line":100,"column":46}},"42":{"start":{"line":101,"column":21},"end":{"line":103,"column":6}},"43":{"start":{"line":105,"column":4},"end":{"line":110,"column":5}},"44":{"start":{"line":106,"column":6},"end":{"line":109,"column":9}},"45":{"start":{"line":112,"column":22},"end":{"line":112,"column":30}},"46":{"start":{"line":113,"column":19},"end":{"line":113,"column":70}},"47":{"start":{"line":113,"column":55},"end":{"line":113,"column":64}},"48":{"start":{"line":115,"column":17},"end":{"line":115,"column":43}},"49":{"start":{"line":117,"column":4},"end":{"line":143,"column":5}},"50":{"start":{"line":118,"column":30},"end":{"line":129,"column":8}},"51":{"start":{"line":123,"column":47},"end":{"line":123,"column":60}},"52":{"start":{"line":131,"column":6},"end":{"line":135,"column":7}},"53":{"start":{"line":132,"column":8},"end":{"line":134,"column":11}},"54":{"start":{"line":133,"column":10},"end":{"line":133,"column":38}},"55":{"start":{"line":137,"column":6},"end":{"line":137,"column":57}},"56":{"start":{"line":139,"column":6},"end":{"line":142,"column":9}},"57":{"start":{"line":145,"column":4},"end":{"line":145,"column":16}},"58":{"start":{"line":149,"column":30},"end":{"line":197,"column":1}},"59":{"start":{"line":150,"column":2},"end":{"line":196,"column":3}},"60":{"start":{"line":151,"column":17},"end":{"line":151,"column":54}},"61":{"start":{"line":152,"column":4},"end":{"line":152,"column":64}},"62":{"start":{"line":152,"column":22},"end":{"line":152,"column":64}},"63":{"start":{"line":154,"column":23},"end":{"line":154,"column":46}},"64":{"start":{"line":156,"column":21},"end":{"line":161,"column":6}},"65":{"start":{"line":163,"column":4},"end":{"line":168,"column":5}},"66":{"start":{"line":164,"column":6},"end":{"line":167,"column":9}},"67":{"start":{"line":170,"column":17},"end":{"line":170,"column":43}},"68":{"start":{"line":172,"column":4},"end":{"line":193,"column":5}},"69":{"start":{"line":173,"column":6},"end":{"line":177,"column":7}},"70":{"start":{"line":174,"column":8},"end":{"line":176,"column":9}},"71":{"start":{"line":175,"column":10},"end":{"line":175,"column":44}},"72":{"start":{"line":179,"column":6},"end":{"line":181,"column":9}},"73":{"start":{"line":183,"column":30},"end":{"line":185,"column":8}},"74":{"start":{"line":187,"column":6},"end":{"line":187,"column":57}},"75":{"start":{"line":189,"column":6},"end":{"line":192,"column":9}},"76":{"start":{"line":195,"column":4},"end":{"line":195,"column":16}}},"fnMap":{"0":{"name":"(anonymous_0)","decl":{"start":{"line":6,"column":30},"end":{"line":6,"column":31}},"loc":{"start":{"line":6,"column":56},"end":{"line":31,"column":1}},"line":6},"1":{"name":"(anonymous_1)","decl":{"start":{"line":13,"column":45},"end":{"line":13,"column":46}},"loc":{"start":{"line":13,"column":55},"end":{"line":13,"column":64}},"line":13},"2":{"name":"(anonymous_2)","decl":{"start":{"line":19,"column":29},"end":{"line":19,"column":30}},"loc":{"start":{"line":19,"column":45},"end":{"line":19,"column":58}},"line":19},"3":{"name":"(anonymous_3)","decl":{"start":{"line":33,"column":31},"end":{"line":33,"column":32}},"loc":{"start":{"line":33,"column":57},"end":{"line":57,"column":1}},"line":33},"4":{"name":"(anonymous_4)","decl":{"start":{"line":59,"column":31},"end":{"line":59,"column":32}},"loc":{"start":{"line":59,"column":57},"end":{"line":93,"column":1}},"line":59},"5":{"name":"(anonymous_5)","decl":{"start":{"line":95,"column":30},"end":{"line":95,"column":31}},"loc":{"start":{"line":95,"column":56},"end":{"line":147,"column":1}},"line":95},"6":{"name":"(anonymous_6)","decl":{"start":{"line":113,"column":45},"end":{"line":113,"column":46}},"loc":{"start":{"line":113,"column":55},"end":{"line":113,"column":64}},"line":113},"7":{"name":"(anonymous_7)","decl":{"start":{"line":123,"column":31},"end":{"line":123,"column":32}},"loc":{"start":{"line":123,"column":47},"end":{"line":123,"column":60}},"line":123},"8":{"name":"(anonymous_8)","decl":{"start":{"line":132,"column":39},"end":{"line":132,"column":40}},"loc":{"start":{"line":132,"column":50},"end":{"line":134,"column":9}},"line":132},"9":{"name":"(anonymous_9)","decl":{"start":{"line":149,"column":30},"end":{"line":149,"column":31}},"loc":{"start":{"line":149,"column":56},"end":{"line":197,"column":1}},"line":149}},"branchMap":{"0":{"loc":{"start":{"line":9,"column":4},"end":{"line":11,"column":5}},"type":"if","locations":[{"start":{"line":9,"column":4},"end":{"line":11,"column":5}},{"start":{},"end":{}}],"line":9},"1":{"loc":{"start":{"line":13,"column":19},"end":{"line":13,"column":70}},"type":"cond-expr","locations":[{"start":{"line":13,"column":31},"end":{"line":13,"column":65}},{"start":{"line":13,"column":68},"end":{"line":13,"column":70}}],"line":13},"2":{"loc":{"start":{"line":36,"column":4},"end":{"line":36,"column":64}},"type":"if","locations":[{"start":{"line":36,"column":4},"end":{"line":36,"column":64}},{"start":{},"end":{}}],"line":36},"3":{"loc":{"start":{"line":40,"column":4},"end":{"line":53,"column":5}},"type":"if","locations":[{"start":{"line":40,"column":4},"end":{"line":53,"column":5}},{"start":{"line":48,"column":11},"end":{"line":53,"column":5}}],"line":40},"4":{"loc":{"start":{"line":62,"column":4},"end":{"line":62,"column":64}},"type":"if","locations":[{"start":{"line":62,"column":4},"end":{"line":62,"column":64}},{"start":{},"end":{}}],"line":62},"5":{"loc":{"start":{"line":68,"column":4},"end":{"line":89,"column":5}},"type":"if","locations":[{"start":{"line":68,"column":4},"end":{"line":89,"column":5}},{"start":{"line":84,"column":11},"end":{"line":89,"column":5}}],"line":68},"6":{"loc":{"start":{"line":76,"column":6},"end":{"line":81,"column":7}},"type":"if","locations":[{"start":{"line":76,"column":6},"end":{"line":81,"column":7}},{"start":{},"end":{}}],"line":76},"7":{"loc":{"start":{"line":98,"column":4},"end":{"line":98,"column":64}},"type":"if","locations":[{"start":{"line":98,"column":4},"end":{"line":98,"column":64}},{"start":{},"end":{}}],"line":98},"8":{"loc":{"start":{"line":105,"column":4},"end":{"line":110,"column":5}},"type":"if","locations":[{"start":{"line":105,"column":4},"end":{"line":110,"column":5}},{"start":{},"end":{}}],"line":105},"9":{"loc":{"start":{"line":113,"column":19},"end":{"line":113,"column":70}},"type":"cond-expr","locations":[{"start":{"line":113,"column":31},"end":{"line":113,"column":65}},{"start":{"line":113,"column":68},"end":{"line":113,"column":70}}],"line":113},"10":{"loc":{"start":{"line":117,"column":4},"end":{"line":143,"column":5}},"type":"if","locations":[{"start":{"line":117,"column":4},"end":{"line":143,"column":5}},{"start":{"line":138,"column":11},"end":{"line":143,"column":5}}],"line":117},"11":{"loc":{"start":{"line":131,"column":6},"end":{"line":135,"column":7}},"type":"if","locations":[{"start":{"line":131,"column":6},"end":{"line":135,"column":7}},{"start":{},"end":{}}],"line":131},"12":{"loc":{"start":{"line":152,"column":4},"end":{"line":152,"column":64}},"type":"if","locations":[{"start":{"line":152,"column":4},"end":{"line":152,"column":64}},{"start":{},"end":{}}],"line":152},"13":{"loc":{"start":{"line":163,"column":4},"end":{"line":168,"column":5}},"type":"if","locations":[{"start":{"line":163,"column":4},"end":{"line":168,"column":5}},{"start":{},"end":{}}],"line":163},"14":{"loc":{"start":{"line":172,"column":4},"end":{"line":193,"column":5}},"type":"if","locations":[{"start":{"line":172,"column":4},"end":{"line":193,"column":5}},{"start":{"line":188,"column":11},"end":{"line":193,"column":5}}],"line":172},"15":{"loc":{"start":{"line":173,"column":6},"end":{"line":177,"column":7}},"type":"if","locations":[{"start":{"line":173,"column":6},"end":{"line":177,"column":7}},{"start":{},"end":{}}],"line":173}},"s":{"0":2,"1":0,"2":0,"3":0,"4":0,"5":0,"6":0,"7":0,"8":0,"9":0,"10":0,"11":2,"12":0,"13":0,"14":0,"15":0,"16":0,"17":0,"18":0,"19":0,"20":0,"21":0,"22":2,"23":0,"24":0,"25":0,"26":0,"27":0,"28":0,"29":0,"30":0,"31":0,"32":0,"33":0,"34":0,"35":0,"36":2,"37":0,"38":0,"39":0,"40":0,"41":0,"42":0,"43":0,"44":0,"45":0,"46":0,"47":0,"48":0,"49":0,"50":0,"51":0,"52":0,"53":0,"54":0,"55":0,"56":0,"57":0,"58":2,"59":0,"60":0,"61":0,"62":0,"63":0,"64":0,"65":0,"66":0,"67":0,"68":0,"69":0,"70":0,"71":0,"72":0,"73":0,"74":0,"75":0,"76":0},"f":{"0":0,"1":0,"2":0,"3":0,"4":0,"5":0,"6":0,"7":0,"8":0,"9":0},"b":{"0":[0,0],"1":[0,0],"2":[0,0],"3":[0,0],"4":[0,0],"5":[0,0],"6":[0,0],"7":[0,0],"8":[0,0],"9":[0,0],"10":[0,0],"11":[0,0],"12":[0,0],"13":[0,0],"14":[0,0],"15":[0,0]},"_coverageSchema":"1a1c01bbd47fc00a2c39e90264f33305004495a9","hash":"1da087fead7ef3727fbdb4a5fe57961c3fcd3df2"}
,"D:\\workspace\\stack\\expressjs\\mahati-backend\\app\\controllers\\admin\\export.controller.js": {"path":"D:\\workspace\\stack\\expressjs\\mahati-backend\\app\\controllers\\admin\\export.controller.js","statementMap":{"0":{"start":{"line":6,"column":39},"end":{"line":33,"column":1}},"1":{"start":{"line":7,"column":2},"end":{"line":32,"column":3}},"2":{"start":{"line":8,"column":17},"end":{"line":8,"column":54}},"3":{"start":{"line":9,"column":4},"end":{"line":9,"column":64}},"4":{"start":{"line":9,"column":22},"end":{"line":9,"column":64}},"5":{"start":{"line":11,"column":17},"end":{"line":11,"column":43}},"6":{"start":{"line":13,"column":4},"end":{"line":29,"column":5}},"7":{"start":{"line":14,"column":29},"end":{"line":14,"column":68}},"8":{"start":{"line":15,"column":6},"end":{"line":18,"column":8}},"9":{"start":{"line":19,"column":6},"end":{"line":22,"column":8}},"10":{"start":{"line":23,"column":6},"end":{"line":23,"column":50}},"11":{"start":{"line":25,"column":6},"end":{"line":28,"column":9}},"12":{"start":{"line":31,"column":4},"end":{"line":31,"column":16}}},"fnMap":{"0":{"name":"(anonymous_0)","decl":{"start":{"line":6,"column":39},"end":{"line":6,"column":40}},"loc":{"start":{"line":6,"column":65},"end":{"line":33,"column":1}},"line":6}},"branchMap":{"0":{"loc":{"start":{"line":9,"column":4},"end":{"line":9,"column":64}},"type":"if","locations":[{"start":{"line":9,"column":4},"end":{"line":9,"column":64}},{"start":{},"end":{}}],"line":9},"1":{"loc":{"start":{"line":13,"column":4},"end":{"line":29,"column":5}},"type":"if","locations":[{"start":{"line":13,"column":4},"end":{"line":29,"column":5}},{"start":{"line":24,"column":11},"end":{"line":29,"column":5}}],"line":13}},"s":{"0":2,"1":0,"2":0,"3":0,"4":0,"5":0,"6":0,"7":0,"8":0,"9":0,"10":0,"11":0,"12":0},"f":{"0":0},"b":{"0":[0,0],"1":[0,0]},"_coverageSchema":"1a1c01bbd47fc00a2c39e90264f33305004495a9","hash":"f9202444aa5e6bdc9f26c9e33c3c95b444361f6c"}
,"D:\\workspace\\stack\\expressjs\\mahati-backend\\app\\controllers\\admin\\questionnaire.controller.js": {"path":"D:\\workspace\\stack\\expressjs\\mahati-backend\\app\\controllers\\admin\\questionnaire.controller.js","statementMap":{"0":{"start":{"line":5,"column":35},"end":{"line":27,"column":1}},"1":{"start":{"line":6,"column":2},"end":{"line":26,"column":3}},"2":{"start":{"line":7,"column":66},"end":{"line":7,"column":74}},"3":{"start":{"line":9,"column":29},"end":{"line":21,"column":6}},"4":{"start":{"line":23,"column":4},"end":{"line":23,"column":67}},"5":{"start":{"line":25,"column":4},"end":{"line":25,"column":15}},"6":{"start":{"line":29,"column":36},"end":{"line":57,"column":1}},"7":{"start":{"line":30,"column":2},"end":{"line":56,"column":3}},"8":{"start":{"line":31,"column":17},"end":{"line":31,"column":54}},"9":{"start":{"line":32,"column":4},"end":{"line":32,"column":63}},"10":{"start":{"line":32,"column":22},"end":{"line":32,"column":63}},"11":{"start":{"line":34,"column":17},"end":{"line":34,"column":43}},"12":{"start":{"line":36,"column":4},"end":{"line":53,"column":5}},"13":{"start":{"line":37,"column":29},"end":{"line":45,"column":8}},"14":{"start":{"line":47,"column":6},"end":{"line":47,"column":55}},"15":{"start":{"line":49,"column":6},"end":{"line":52,"column":9}},"16":{"start":{"line":55,"column":4},"end":{"line":55,"column":15}},"17":{"start":{"line":59,"column":36},"end":{"line":90,"column":1}},"18":{"start":{"line":60,"column":2},"end":{"line":89,"column":3}},"19":{"start":{"line":61,"column":17},"end":{"line":61,"column":54}},"20":{"start":{"line":62,"column":4},"end":{"line":62,"column":63}},"21":{"start":{"line":62,"column":22},"end":{"line":62,"column":63}},"22":{"start":{"line":64,"column":28},"end":{"line":64,"column":51}},"23":{"start":{"line":66,"column":17},"end":{"line":66,"column":43}},"24":{"start":{"line":68,"column":4},"end":{"line":86,"column":5}},"25":{"start":{"line":69,"column":28},"end":{"line":78,"column":8}},"26":{"start":{"line":80,"column":6},"end":{"line":80,"column":54}},"27":{"start":{"line":82,"column":6},"end":{"line":85,"column":9}},"28":{"start":{"line":88,"column":4},"end":{"line":88,"column":16}},"29":{"start":{"line":92,"column":35},"end":{"line":125,"column":1}},"30":{"start":{"line":93,"column":2},"end":{"line":124,"column":3}},"31":{"start":{"line":94,"column":17},"end":{"line":94,"column":54}},"32":{"start":{"line":95,"column":4},"end":{"line":95,"column":63}},"33":{"start":{"line":95,"column":22},"end":{"line":95,"column":63}},"34":{"start":{"line":97,"column":28},"end":{"line":97,"column":51}},"35":{"start":{"line":98,"column":41},"end":{"line":98,"column":49}},"36":{"start":{"line":100,"column":17},"end":{"line":100,"column":43}},"37":{"start":{"line":102,"column":4},"end":{"line":121,"column":5}},"38":{"start":{"line":103,"column":35},"end":{"line":113,"column":8}},"39":{"start":{"line":115,"column":6},"end":{"line":115,"column":61}},"40":{"start":{"line":117,"column":6},"end":{"line":120,"column":9}},"41":{"start":{"line":123,"column":4},"end":{"line":123,"column":16}},"42":{"start":{"line":127,"column":35},"end":{"line":151,"column":1}},"43":{"start":{"line":128,"column":2},"end":{"line":150,"column":3}},"44":{"start":{"line":129,"column":17},"end":{"line":129,"column":54}},"45":{"start":{"line":130,"column":4},"end":{"line":130,"column":63}},"46":{"start":{"line":130,"column":22},"end":{"line":130,"column":63}},"47":{"start":{"line":132,"column":28},"end":{"line":132,"column":51}},"48":{"start":{"line":134,"column":17},"end":{"line":134,"column":43}},"49":{"start":{"line":136,"column":4},"end":{"line":147,"column":5}},"50":{"start":{"line":137,"column":6},"end":{"line":139,"column":8}},"51":{"start":{"line":141,"column":6},"end":{"line":141,"column":81}},"52":{"start":{"line":143,"column":6},"end":{"line":146,"column":9}},"53":{"start":{"line":149,"column":4},"end":{"line":149,"column":16}}},"fnMap":{"0":{"name":"(anonymous_0)","decl":{"start":{"line":5,"column":35},"end":{"line":5,"column":36}},"loc":{"start":{"line":5,"column":61},"end":{"line":27,"column":1}},"line":5},"1":{"name":"(anonymous_1)","decl":{"start":{"line":29,"column":36},"end":{"line":29,"column":37}},"loc":{"start":{"line":29,"column":62},"end":{"line":57,"column":1}},"line":29},"2":{"name":"(anonymous_2)","decl":{"start":{"line":59,"column":36},"end":{"line":59,"column":37}},"loc":{"start":{"line":59,"column":62},"end":{"line":90,"column":1}},"line":59},"3":{"name":"(anonymous_3)","decl":{"start":{"line":92,"column":35},"end":{"line":92,"column":36}},"loc":{"start":{"line":92,"column":61},"end":{"line":125,"column":1}},"line":92},"4":{"name":"(anonymous_4)","decl":{"start":{"line":127,"column":35},"end":{"line":127,"column":36}},"loc":{"start":{"line":127,"column":61},"end":{"line":151,"column":1}},"line":127}},"branchMap":{"0":{"loc":{"start":{"line":32,"column":4},"end":{"line":32,"column":63}},"type":"if","locations":[{"start":{"line":32,"column":4},"end":{"line":32,"column":63}},{"start":{},"end":{}}],"line":32},"1":{"loc":{"start":{"line":36,"column":4},"end":{"line":53,"column":5}},"type":"if","locations":[{"start":{"line":36,"column":4},"end":{"line":53,"column":5}},{"start":{"line":48,"column":11},"end":{"line":53,"column":5}}],"line":36},"2":{"loc":{"start":{"line":62,"column":4},"end":{"line":62,"column":63}},"type":"if","locations":[{"start":{"line":62,"column":4},"end":{"line":62,"column":63}},{"start":{},"end":{}}],"line":62},"3":{"loc":{"start":{"line":68,"column":4},"end":{"line":86,"column":5}},"type":"if","locations":[{"start":{"line":68,"column":4},"end":{"line":86,"column":5}},{"start":{"line":81,"column":11},"end":{"line":86,"column":5}}],"line":68},"4":{"loc":{"start":{"line":95,"column":4},"end":{"line":95,"column":63}},"type":"if","locations":[{"start":{"line":95,"column":4},"end":{"line":95,"column":63}},{"start":{},"end":{}}],"line":95},"5":{"loc":{"start":{"line":102,"column":4},"end":{"line":121,"column":5}},"type":"if","locations":[{"start":{"line":102,"column":4},"end":{"line":121,"column":5}},{"start":{"line":116,"column":11},"end":{"line":121,"column":5}}],"line":102},"6":{"loc":{"start":{"line":130,"column":4},"end":{"line":130,"column":63}},"type":"if","locations":[{"start":{"line":130,"column":4},"end":{"line":130,"column":63}},{"start":{},"end":{}}],"line":130},"7":{"loc":{"start":{"line":136,"column":4},"end":{"line":147,"column":5}},"type":"if","locations":[{"start":{"line":136,"column":4},"end":{"line":147,"column":5}},{"start":{"line":142,"column":11},"end":{"line":147,"column":5}}],"line":136}},"s":{"0":2,"1":0,"2":0,"3":0,"4":0,"5":0,"6":2,"7":0,"8":0,"9":0,"10":0,"11":0,"12":0,"13":0,"14":0,"15":0,"16":0,"17":2,"18":0,"19":0,"20":0,"21":0,"22":0,"23":0,"24":0,"25":0,"26":0,"27":0,"28":0,"29":2,"30":0,"31":0,"32":0,"33":0,"34":0,"35":0,"36":0,"37":0,"38":0,"39":0,"40":0,"41":0,"42":2,"43":0,"44":0,"45":0,"46":0,"47":0,"48":0,"49":0,"50":0,"51":0,"52":0,"53":0},"f":{"0":0,"1":0,"2":0,"3":0,"4":0},"b":{"0":[0,0],"1":[0,0],"2":[0,0],"3":[0,0],"4":[0,0],"5":[0,0],"6":[0,0],"7":[0,0]},"_coverageSchema":"1a1c01bbd47fc00a2c39e90264f33305004495a9","hash":"c1b3273c5e173fbba8c5b6221db6e16bcb22ed22"}
,"D:\\workspace\\stack\\expressjs\\mahati-backend\\app\\controllers\\admin\\questionnaireQuestion.controller.js": {"path":"D:\\workspace\\stack\\expressjs\\mahati-backend\\app\\controllers\\admin\\questionnaireQuestion.controller.js","statementMap":{"0":{"start":{"line":5,"column":43},"end":{"line":24,"column":1}},"1":{"start":{"line":6,"column":2},"end":{"line":23,"column":3}},"2":{"start":{"line":7,"column":61},"end":{"line":7,"column":69}},"3":{"start":{"line":10,"column":6},"end":{"line":18,"column":8}},"4":{"start":{"line":20,"column":4},"end":{"line":20,"column":76}},"5":{"start":{"line":22,"column":4},"end":{"line":22,"column":16}},"6":{"start":{"line":26,"column":49},"end":{"line":44,"column":1}},"7":{"start":{"line":27,"column":2},"end":{"line":43,"column":3}},"8":{"start":{"line":28,"column":33},"end":{"line":28,"column":41}},"9":{"start":{"line":30,"column":4},"end":{"line":38,"column":5}},"10":{"start":{"line":31,"column":6},"end":{"line":37,"column":9}},"11":{"start":{"line":40,"column":4},"end":{"line":40,"column":78}},"12":{"start":{"line":42,"column":4},"end":{"line":42,"column":16}},"13":{"start":{"line":46,"column":44},"end":{"line":72,"column":1}},"14":{"start":{"line":47,"column":2},"end":{"line":71,"column":3}},"15":{"start":{"line":48,"column":17},"end":{"line":48,"column":54}},"16":{"start":{"line":49,"column":4},"end":{"line":49,"column":64}},"17":{"start":{"line":49,"column":22},"end":{"line":49,"column":64}},"18":{"start":{"line":51,"column":17},"end":{"line":51,"column":43}},"19":{"start":{"line":53,"column":4},"end":{"line":68,"column":5}},"20":{"start":{"line":55,"column":8},"end":{"line":60,"column":10}},"21":{"start":{"line":62,"column":6},"end":{"line":62,"column":64}},"22":{"start":{"line":64,"column":6},"end":{"line":67,"column":9}},"23":{"start":{"line":70,"column":4},"end":{"line":70,"column":16}},"24":{"start":{"line":74,"column":44},"end":{"line":103,"column":1}},"25":{"start":{"line":75,"column":2},"end":{"line":102,"column":3}},"26":{"start":{"line":76,"column":17},"end":{"line":76,"column":54}},"27":{"start":{"line":77,"column":4},"end":{"line":77,"column":64}},"28":{"start":{"line":77,"column":22},"end":{"line":77,"column":64}},"29":{"start":{"line":79,"column":36},"end":{"line":79,"column":59}},"30":{"start":{"line":81,"column":17},"end":{"line":81,"column":43}},"31":{"start":{"line":83,"column":4},"end":{"line":99,"column":5}},"32":{"start":{"line":85,"column":8},"end":{"line":91,"column":10}},"33":{"start":{"line":93,"column":6},"end":{"line":93,"column":63}},"34":{"start":{"line":95,"column":6},"end":{"line":98,"column":9}},"35":{"start":{"line":101,"column":4},"end":{"line":101,"column":16}},"36":{"start":{"line":105,"column":43},"end":{"line":135,"column":1}},"37":{"start":{"line":106,"column":2},"end":{"line":134,"column":3}},"38":{"start":{"line":107,"column":17},"end":{"line":107,"column":54}},"39":{"start":{"line":108,"column":4},"end":{"line":108,"column":64}},"40":{"start":{"line":108,"column":22},"end":{"line":108,"column":64}},"41":{"start":{"line":110,"column":36},"end":{"line":110,"column":59}},"42":{"start":{"line":111,"column":43},"end":{"line":111,"column":51}},"43":{"start":{"line":113,"column":17},"end":{"line":113,"column":43}},"44":{"start":{"line":115,"column":4},"end":{"line":131,"column":5}},"45":{"start":{"line":117,"column":8},"end":{"line":123,"column":10}},"46":{"start":{"line":125,"column":6},"end":{"line":125,"column":70}},"47":{"start":{"line":127,"column":6},"end":{"line":130,"column":9}},"48":{"start":{"line":133,"column":4},"end":{"line":133,"column":16}},"49":{"start":{"line":137,"column":43},"end":{"line":161,"column":1}},"50":{"start":{"line":138,"column":2},"end":{"line":160,"column":3}},"51":{"start":{"line":139,"column":17},"end":{"line":139,"column":54}},"52":{"start":{"line":140,"column":4},"end":{"line":140,"column":64}},"53":{"start":{"line":140,"column":22},"end":{"line":140,"column":64}},"54":{"start":{"line":142,"column":36},"end":{"line":142,"column":59}},"55":{"start":{"line":144,"column":17},"end":{"line":144,"column":43}},"56":{"start":{"line":146,"column":4},"end":{"line":157,"column":5}},"57":{"start":{"line":147,"column":6},"end":{"line":149,"column":9}},"58":{"start":{"line":151,"column":6},"end":{"line":151,"column":74}},"59":{"start":{"line":153,"column":6},"end":{"line":156,"column":9}},"60":{"start":{"line":159,"column":4},"end":{"line":159,"column":16}}},"fnMap":{"0":{"name":"(anonymous_0)","decl":{"start":{"line":5,"column":43},"end":{"line":5,"column":44}},"loc":{"start":{"line":5,"column":69},"end":{"line":24,"column":1}},"line":5},"1":{"name":"(anonymous_1)","decl":{"start":{"line":26,"column":49},"end":{"line":26,"column":50}},"loc":{"start":{"line":26,"column":75},"end":{"line":44,"column":1}},"line":26},"2":{"name":"(anonymous_2)","decl":{"start":{"line":46,"column":44},"end":{"line":46,"column":45}},"loc":{"start":{"line":46,"column":70},"end":{"line":72,"column":1}},"line":46},"3":{"name":"(anonymous_3)","decl":{"start":{"line":74,"column":44},"end":{"line":74,"column":45}},"loc":{"start":{"line":74,"column":70},"end":{"line":103,"column":1}},"line":74},"4":{"name":"(anonymous_4)","decl":{"start":{"line":105,"column":43},"end":{"line":105,"column":44}},"loc":{"start":{"line":105,"column":69},"end":{"line":135,"column":1}},"line":105},"5":{"name":"(anonymous_5)","decl":{"start":{"line":137,"column":43},"end":{"line":137,"column":44}},"loc":{"start":{"line":137,"column":69},"end":{"line":161,"column":1}},"line":137}},"branchMap":{"0":{"loc":{"start":{"line":49,"column":4},"end":{"line":49,"column":64}},"type":"if","locations":[{"start":{"line":49,"column":4},"end":{"line":49,"column":64}},{"start":{},"end":{}}],"line":49},"1":{"loc":{"start":{"line":53,"column":4},"end":{"line":68,"column":5}},"type":"if","locations":[{"start":{"line":53,"column":4},"end":{"line":68,"column":5}},{"start":{"line":63,"column":11},"end":{"line":68,"column":5}}],"line":53},"2":{"loc":{"start":{"line":77,"column":4},"end":{"line":77,"column":64}},"type":"if","locations":[{"start":{"line":77,"column":4},"end":{"line":77,"column":64}},{"start":{},"end":{}}],"line":77},"3":{"loc":{"start":{"line":83,"column":4},"end":{"line":99,"column":5}},"type":"if","locations":[{"start":{"line":83,"column":4},"end":{"line":99,"column":5}},{"start":{"line":94,"column":11},"end":{"line":99,"column":5}}],"line":83},"4":{"loc":{"start":{"line":108,"column":4},"end":{"line":108,"column":64}},"type":"if","locations":[{"start":{"line":108,"column":4},"end":{"line":108,"column":64}},{"start":{},"end":{}}],"line":108},"5":{"loc":{"start":{"line":115,"column":4},"end":{"line":131,"column":5}},"type":"if","locations":[{"start":{"line":115,"column":4},"end":{"line":131,"column":5}},{"start":{"line":126,"column":11},"end":{"line":131,"column":5}}],"line":115},"6":{"loc":{"start":{"line":140,"column":4},"end":{"line":140,"column":64}},"type":"if","locations":[{"start":{"line":140,"column":4},"end":{"line":140,"column":64}},{"start":{},"end":{}}],"line":140},"7":{"loc":{"start":{"line":146,"column":4},"end":{"line":157,"column":5}},"type":"if","locations":[{"start":{"line":146,"column":4},"end":{"line":157,"column":5}},{"start":{"line":152,"column":11},"end":{"line":157,"column":5}}],"line":146}},"s":{"0":2,"1":0,"2":0,"3":0,"4":0,"5":0,"6":2,"7":0,"8":0,"9":0,"10":0,"11":0,"12":0,"13":2,"14":0,"15":0,"16":0,"17":0,"18":0,"19":0,"20":0,"21":0,"22":0,"23":0,"24":2,"25":0,"26":0,"27":0,"28":0,"29":0,"30":0,"31":0,"32":0,"33":0,"34":0,"35":0,"36":2,"37":0,"38":0,"39":0,"40":0,"41":0,"42":0,"43":0,"44":0,"45":0,"46":0,"47":0,"48":0,"49":2,"50":0,"51":0,"52":0,"53":0,"54":0,"55":0,"56":0,"57":0,"58":0,"59":0,"60":0},"f":{"0":0,"1":0,"2":0,"3":0,"4":0,"5":0},"b":{"0":[0,0],"1":[0,0],"2":[0,0],"3":[0,0],"4":[0,0],"5":[0,0],"6":[0,0],"7":[0,0]},"_coverageSchema":"1a1c01bbd47fc00a2c39e90264f33305004495a9","hash":"3db6f5b5df38918ab2ff30bd0a7442e35cceb3f1"}
,"D:\\workspace\\stack\\expressjs\\mahati-backend\\app\\controllers\\admin\\reminder.controller.js": {"path":"D:\\workspace\\stack\\expressjs\\mahati-backend\\app\\controllers\\admin\\reminder.controller.js","statementMap":{"0":{"start":{"line":5,"column":30},"end":{"line":51,"column":1}},"1":{"start":{"line":6,"column":2},"end":{"line":50,"column":3}},"2":{"start":{"line":16,"column":8},"end":{"line":16,"column":16}},"3":{"start":{"line":18,"column":4},"end":{"line":32,"column":5}},"4":{"start":{"line":28,"column":6},"end":{"line":31,"column":9}},"5":{"start":{"line":34,"column":24},"end":{"line":45,"column":6}},"6":{"start":{"line":47,"column":4},"end":{"line":47,"column":63}},"7":{"start":{"line":49,"column":4},"end":{"line":49,"column":16}},"8":{"start":{"line":53,"column":31},"end":{"line":77,"column":1}},"9":{"start":{"line":54,"column":2},"end":{"line":76,"column":3}},"10":{"start":{"line":55,"column":17},"end":{"line":55,"column":54}},"11":{"start":{"line":56,"column":4},"end":{"line":56,"column":64}},"12":{"start":{"line":56,"column":22},"end":{"line":56,"column":64}},"13":{"start":{"line":58,"column":17},"end":{"line":58,"column":43}},"14":{"start":{"line":60,"column":4},"end":{"line":73,"column":5}},"15":{"start":{"line":61,"column":24},"end":{"line":65,"column":8}},"16":{"start":{"line":67,"column":6},"end":{"line":67,"column":51}},"17":{"start":{"line":69,"column":6},"end":{"line":72,"column":9}},"18":{"start":{"line":75,"column":4},"end":{"line":75,"column":16}},"19":{"start":{"line":79,"column":31},"end":{"line":106,"column":1}},"20":{"start":{"line":80,"column":2},"end":{"line":105,"column":3}},"21":{"start":{"line":81,"column":17},"end":{"line":81,"column":54}},"22":{"start":{"line":82,"column":4},"end":{"line":82,"column":64}},"23":{"start":{"line":82,"column":22},"end":{"line":82,"column":64}},"24":{"start":{"line":84,"column":23},"end":{"line":84,"column":46}},"25":{"start":{"line":86,"column":17},"end":{"line":86,"column":43}},"26":{"start":{"line":88,"column":4},"end":{"line":102,"column":5}},"27":{"start":{"line":89,"column":23},"end":{"line":94,"column":8}},"28":{"start":{"line":96,"column":6},"end":{"line":96,"column":50}},"29":{"start":{"line":98,"column":6},"end":{"line":101,"column":9}},"30":{"start":{"line":104,"column":4},"end":{"line":104,"column":16}},"31":{"start":{"line":108,"column":30},"end":{"line":152,"column":1}},"32":{"start":{"line":109,"column":2},"end":{"line":151,"column":3}},"33":{"start":{"line":110,"column":17},"end":{"line":110,"column":54}},"34":{"start":{"line":111,"column":4},"end":{"line":111,"column":64}},"35":{"start":{"line":111,"column":22},"end":{"line":111,"column":64}},"36":{"start":{"line":113,"column":23},"end":{"line":113,"column":46}},"37":{"start":{"line":123,"column":8},"end":{"line":123,"column":16}},"38":{"start":{"line":125,"column":17},"end":{"line":125,"column":43}},"39":{"start":{"line":127,"column":4},"end":{"line":148,"column":5}},"40":{"start":{"line":128,"column":23},"end":{"line":140,"column":8}},"41":{"start":{"line":142,"column":6},"end":{"line":142,"column":50}},"42":{"start":{"line":144,"column":6},"end":{"line":147,"column":9}},"43":{"start":{"line":150,"column":4},"end":{"line":150,"column":16}},"44":{"start":{"line":154,"column":30},"end":{"line":178,"column":1}},"45":{"start":{"line":155,"column":2},"end":{"line":177,"column":3}},"46":{"start":{"line":156,"column":17},"end":{"line":156,"column":54}},"47":{"start":{"line":157,"column":4},"end":{"line":157,"column":64}},"48":{"start":{"line":157,"column":22},"end":{"line":157,"column":64}},"49":{"start":{"line":159,"column":23},"end":{"line":159,"column":46}},"50":{"start":{"line":161,"column":17},"end":{"line":161,"column":43}},"51":{"start":{"line":163,"column":4},"end":{"line":174,"column":5}},"52":{"start":{"line":164,"column":6},"end":{"line":166,"column":9}},"53":{"start":{"line":168,"column":6},"end":{"line":168,"column":77}},"54":{"start":{"line":170,"column":6},"end":{"line":173,"column":9}},"55":{"start":{"line":176,"column":4},"end":{"line":176,"column":16}}},"fnMap":{"0":{"name":"(anonymous_0)","decl":{"start":{"line":5,"column":30},"end":{"line":5,"column":31}},"loc":{"start":{"line":5,"column":56},"end":{"line":51,"column":1}},"line":5},"1":{"name":"(anonymous_1)","decl":{"start":{"line":53,"column":31},"end":{"line":53,"column":32}},"loc":{"start":{"line":53,"column":57},"end":{"line":77,"column":1}},"line":53},"2":{"name":"(anonymous_2)","decl":{"start":{"line":79,"column":31},"end":{"line":79,"column":32}},"loc":{"start":{"line":79,"column":57},"end":{"line":106,"column":1}},"line":79},"3":{"name":"(anonymous_3)","decl":{"start":{"line":108,"column":30},"end":{"line":108,"column":31}},"loc":{"start":{"line":108,"column":56},"end":{"line":152,"column":1}},"line":108},"4":{"name":"(anonymous_4)","decl":{"start":{"line":154,"column":30},"end":{"line":154,"column":31}},"loc":{"start":{"line":154,"column":56},"end":{"line":178,"column":1}},"line":154}},"branchMap":{"0":{"loc":{"start":{"line":18,"column":4},"end":{"line":32,"column":5}},"type":"if","locations":[{"start":{"line":18,"column":4},"end":{"line":32,"column":5}},{"start":{},"end":{}}],"line":18},"1":{"loc":{"start":{"line":19,"column":6},"end":{"line":26,"column":20}},"type":"binary-expr","locations":[{"start":{"line":19,"column":6},"end":{"line":19,"column":14}},{"start":{"line":20,"column":6},"end":{"line":20,"column":20}},{"start":{"line":21,"column":6},"end":{"line":21,"column":21}},{"start":{"line":22,"column":6},"end":{"line":22,"column":21}},{"start":{"line":23,"column":6},"end":{"line":23,"column":13}},{"start":{"line":24,"column":6},"end":{"line":24,"column":12}},{"start":{"line":25,"column":6},"end":{"line":25,"column":15}},{"start":{"line":26,"column":6},"end":{"line":26,"column":20}}],"line":19},"2":{"loc":{"start":{"line":56,"column":4},"end":{"line":56,"column":64}},"type":"if","locations":[{"start":{"line":56,"column":4},"end":{"line":56,"column":64}},{"start":{},"end":{}}],"line":56},"3":{"loc":{"start":{"line":60,"column":4},"end":{"line":73,"column":5}},"type":"if","locations":[{"start":{"line":60,"column":4},"end":{"line":73,"column":5}},{"start":{"line":68,"column":11},"end":{"line":73,"column":5}}],"line":60},"4":{"loc":{"start":{"line":82,"column":4},"end":{"line":82,"column":64}},"type":"if","locations":[{"start":{"line":82,"column":4},"end":{"line":82,"column":64}},{"start":{},"end":{}}],"line":82},"5":{"loc":{"start":{"line":88,"column":4},"end":{"line":102,"column":5}},"type":"if","locations":[{"start":{"line":88,"column":4},"end":{"line":102,"column":5}},{"start":{"line":97,"column":11},"end":{"line":102,"column":5}}],"line":88},"6":{"loc":{"start":{"line":111,"column":4},"end":{"line":111,"column":64}},"type":"if","locations":[{"start":{"line":111,"column":4},"end":{"line":111,"column":64}},{"start":{},"end":{}}],"line":111},"7":{"loc":{"start":{"line":127,"column":4},"end":{"line":148,"column":5}},"type":"if","locations":[{"start":{"line":127,"column":4},"end":{"line":148,"column":5}},{"start":{"line":143,"column":11},"end":{"line":148,"column":5}}],"line":127},"8":{"loc":{"start":{"line":157,"column":4},"end":{"line":157,"column":64}},"type":"if","locations":[{"start":{"line":157,"column":4},"end":{"line":157,"column":64}},{"start":{},"end":{}}],"line":157},"9":{"loc":{"start":{"line":163,"column":4},"end":{"line":174,"column":5}},"type":"if","locations":[{"start":{"line":163,"column":4},"end":{"line":174,"column":5}},{"start":{"line":169,"column":11},"end":{"line":174,"column":5}}],"line":163}},"s":{"0":2,"1":0,"2":0,"3":0,"4":0,"5":0,"6":0,"7":0,"8":2,"9":0,"10":0,"11":0,"12":0,"13":0,"14":0,"15":0,"16":0,"17":0,"18":0,"19":2,"20":0,"21":0,"22":0,"23":0,"24":0,"25":0,"26":0,"27":0,"28":0,"29":0,"30":0,"31":2,"32":0,"33":0,"34":0,"35":0,"36":0,"37":0,"38":0,"39":0,"40":0,"41":0,"42":0,"43":0,"44":2,"45":0,"46":0,"47":0,"48":0,"49":0,"50":0,"51":0,"52":0,"53":0,"54":0,"55":0},"f":{"0":0,"1":0,"2":0,"3":0,"4":0},"b":{"0":[0,0],"1":[0,0,0,0,0,0,0,0],"2":[0,0],"3":[0,0],"4":[0,0],"5":[0,0],"6":[0,0],"7":[0,0],"8":[0,0],"9":[0,0]},"_coverageSchema":"1a1c01bbd47fc00a2c39e90264f33305004495a9","hash":"8cf95a1326635862c3f86491625da1845304beff"}
,"D:\\workspace\\stack\\expressjs\\mahati-backend\\app\\controllers\\admin\\schedule.controller.js": {"path":"D:\\workspace\\stack\\expressjs\\mahati-backend\\app\\controllers\\admin\\schedule.controller.js","statementMap":{"0":{"start":{"line":5,"column":30},"end":{"line":33,"column":1}},"1":{"start":{"line":6,"column":2},"end":{"line":32,"column":3}},"2":{"start":{"line":11,"column":8},"end":{"line":11,"column":16}},"3":{"start":{"line":13,"column":21},"end":{"line":15,"column":6}},"4":{"start":{"line":17,"column":4},"end":{"line":19,"column":5}},"5":{"start":{"line":18,"column":6},"end":{"line":18,"column":85}},"6":{"start":{"line":21,"column":24},"end":{"line":27,"column":6}},"7":{"start":{"line":29,"column":4},"end":{"line":29,"column":63}},"8":{"start":{"line":31,"column":4},"end":{"line":31,"column":16}},"9":{"start":{"line":35,"column":31},"end":{"line":59,"column":1}},"10":{"start":{"line":36,"column":2},"end":{"line":58,"column":3}},"11":{"start":{"line":37,"column":17},"end":{"line":37,"column":54}},"12":{"start":{"line":38,"column":4},"end":{"line":38,"column":64}},"13":{"start":{"line":38,"column":22},"end":{"line":38,"column":64}},"14":{"start":{"line":40,"column":17},"end":{"line":40,"column":43}},"15":{"start":{"line":42,"column":4},"end":{"line":55,"column":5}},"16":{"start":{"line":43,"column":24},"end":{"line":47,"column":8}},"17":{"start":{"line":49,"column":6},"end":{"line":49,"column":51}},"18":{"start":{"line":51,"column":6},"end":{"line":54,"column":9}},"19":{"start":{"line":57,"column":4},"end":{"line":57,"column":16}},"20":{"start":{"line":61,"column":31},"end":{"line":95,"column":1}},"21":{"start":{"line":62,"column":2},"end":{"line":94,"column":3}},"22":{"start":{"line":63,"column":17},"end":{"line":63,"column":54}},"23":{"start":{"line":64,"column":4},"end":{"line":64,"column":64}},"24":{"start":{"line":64,"column":22},"end":{"line":64,"column":64}},"25":{"start":{"line":66,"column":23},"end":{"line":66,"column":46}},"26":{"start":{"line":68,"column":17},"end":{"line":68,"column":43}},"27":{"start":{"line":70,"column":4},"end":{"line":91,"column":5}},"28":{"start":{"line":71,"column":23},"end":{"line":76,"column":8}},"29":{"start":{"line":78,"column":6},"end":{"line":83,"column":7}},"30":{"start":{"line":79,"column":8},"end":{"line":82,"column":11}},"31":{"start":{"line":85,"column":6},"end":{"line":85,"column":50}},"32":{"start":{"line":87,"column":6},"end":{"line":90,"column":9}},"33":{"start":{"line":93,"column":4},"end":{"line":93,"column":16}},"34":{"start":{"line":97,"column":30},"end":{"line":133,"column":1}},"35":{"start":{"line":98,"column":2},"end":{"line":132,"column":3}},"36":{"start":{"line":99,"column":17},"end":{"line":99,"column":54}},"37":{"start":{"line":100,"column":4},"end":{"line":100,"column":64}},"38":{"start":{"line":100,"column":22},"end":{"line":100,"column":64}},"39":{"start":{"line":102,"column":23},"end":{"line":102,"column":46}},"40":{"start":{"line":104,"column":17},"end":{"line":104,"column":43}},"41":{"start":{"line":106,"column":4},"end":{"line":129,"column":5}},"42":{"start":{"line":107,"column":23},"end":{"line":109,"column":8}},"43":{"start":{"line":111,"column":6},"end":{"line":116,"column":7}},"44":{"start":{"line":112,"column":8},"end":{"line":115,"column":11}},"45":{"start":{"line":118,"column":30},"end":{"line":121,"column":8}},"46":{"start":{"line":123,"column":6},"end":{"line":123,"column":57}},"47":{"start":{"line":125,"column":6},"end":{"line":128,"column":9}},"48":{"start":{"line":131,"column":4},"end":{"line":131,"column":16}},"49":{"start":{"line":135,"column":30},"end":{"line":170,"column":1}},"50":{"start":{"line":136,"column":2},"end":{"line":169,"column":3}},"51":{"start":{"line":137,"column":17},"end":{"line":137,"column":54}},"52":{"start":{"line":138,"column":4},"end":{"line":138,"column":64}},"53":{"start":{"line":138,"column":22},"end":{"line":138,"column":64}},"54":{"start":{"line":140,"column":23},"end":{"line":140,"column":46}},"55":{"start":{"line":142,"column":17},"end":{"line":142,"column":43}},"56":{"start":{"line":144,"column":4},"end":{"line":166,"column":5}},"57":{"start":{"line":145,"column":23},"end":{"line":147,"column":8}},"58":{"start":{"line":149,"column":6},"end":{"line":154,"column":7}},"59":{"start":{"line":150,"column":8},"end":{"line":153,"column":11}},"60":{"start":{"line":156,"column":6},"end":{"line":158,"column":9}},"61":{"start":{"line":160,"column":6},"end":{"line":160,"column":77}},"62":{"start":{"line":162,"column":6},"end":{"line":165,"column":9}},"63":{"start":{"line":168,"column":4},"end":{"line":168,"column":16}}},"fnMap":{"0":{"name":"(anonymous_0)","decl":{"start":{"line":5,"column":30},"end":{"line":5,"column":31}},"loc":{"start":{"line":5,"column":56},"end":{"line":33,"column":1}},"line":5},"1":{"name":"(anonymous_1)","decl":{"start":{"line":35,"column":31},"end":{"line":35,"column":32}},"loc":{"start":{"line":35,"column":57},"end":{"line":59,"column":1}},"line":35},"2":{"name":"(anonymous_2)","decl":{"start":{"line":61,"column":31},"end":{"line":61,"column":32}},"loc":{"start":{"line":61,"column":57},"end":{"line":95,"column":1}},"line":61},"3":{"name":"(anonymous_3)","decl":{"start":{"line":97,"column":30},"end":{"line":97,"column":31}},"loc":{"start":{"line":97,"column":56},"end":{"line":133,"column":1}},"line":97},"4":{"name":"(anonymous_4)","decl":{"start":{"line":135,"column":30},"end":{"line":135,"column":31}},"loc":{"start":{"line":135,"column":56},"end":{"line":170,"column":1}},"line":135}},"branchMap":{"0":{"loc":{"start":{"line":17,"column":4},"end":{"line":19,"column":5}},"type":"if","locations":[{"start":{"line":17,"column":4},"end":{"line":19,"column":5}},{"start":{},"end":{}}],"line":17},"1":{"loc":{"start":{"line":38,"column":4},"end":{"line":38,"column":64}},"type":"if","locations":[{"start":{"line":38,"column":4},"end":{"line":38,"column":64}},{"start":{},"end":{}}],"line":38},"2":{"loc":{"start":{"line":42,"column":4},"end":{"line":55,"column":5}},"type":"if","locations":[{"start":{"line":42,"column":4},"end":{"line":55,"column":5}},{"start":{"line":50,"column":11},"end":{"line":55,"column":5}}],"line":42},"3":{"loc":{"start":{"line":64,"column":4},"end":{"line":64,"column":64}},"type":"if","locations":[{"start":{"line":64,"column":4},"end":{"line":64,"column":64}},{"start":{},"end":{}}],"line":64},"4":{"loc":{"start":{"line":70,"column":4},"end":{"line":91,"column":5}},"type":"if","locations":[{"start":{"line":70,"column":4},"end":{"line":91,"column":5}},{"start":{"line":86,"column":11},"end":{"line":91,"column":5}}],"line":70},"5":{"loc":{"start":{"line":78,"column":6},"end":{"line":83,"column":7}},"type":"if","locations":[{"start":{"line":78,"column":6},"end":{"line":83,"column":7}},{"start":{},"end":{}}],"line":78},"6":{"loc":{"start":{"line":100,"column":4},"end":{"line":100,"column":64}},"type":"if","locations":[{"start":{"line":100,"column":4},"end":{"line":100,"column":64}},{"start":{},"end":{}}],"line":100},"7":{"loc":{"start":{"line":106,"column":4},"end":{"line":129,"column":5}},"type":"if","locations":[{"start":{"line":106,"column":4},"end":{"line":129,"column":5}},{"start":{"line":124,"column":11},"end":{"line":129,"column":5}}],"line":106},"8":{"loc":{"start":{"line":111,"column":6},"end":{"line":116,"column":7}},"type":"if","locations":[{"start":{"line":111,"column":6},"end":{"line":116,"column":7}},{"start":{},"end":{}}],"line":111},"9":{"loc":{"start":{"line":138,"column":4},"end":{"line":138,"column":64}},"type":"if","locations":[{"start":{"line":138,"column":4},"end":{"line":138,"column":64}},{"start":{},"end":{}}],"line":138},"10":{"loc":{"start":{"line":144,"column":4},"end":{"line":166,"column":5}},"type":"if","locations":[{"start":{"line":144,"column":4},"end":{"line":166,"column":5}},{"start":{"line":161,"column":11},"end":{"line":166,"column":5}}],"line":144},"11":{"loc":{"start":{"line":149,"column":6},"end":{"line":154,"column":7}},"type":"if","locations":[{"start":{"line":149,"column":6},"end":{"line":154,"column":7}},{"start":{},"end":{}}],"line":149}},"s":{"0":2,"1":0,"2":0,"3":0,"4":0,"5":0,"6":0,"7":0,"8":0,"9":2,"10":0,"11":0,"12":0,"13":0,"14":0,"15":0,"16":0,"17":0,"18":0,"19":0,"20":2,"21":0,"22":0,"23":0,"24":0,"25":0,"26":0,"27":0,"28":0,"29":0,"30":0,"31":0,"32":0,"33":0,"34":2,"35":0,"36":0,"37":0,"38":0,"39":0,"40":0,"41":0,"42":0,"43":0,"44":0,"45":0,"46":0,"47":0,"48":0,"49":2,"50":0,"51":0,"52":0,"53":0,"54":0,"55":0,"56":0,"57":0,"58":0,"59":0,"60":0,"61":0,"62":0,"63":0},"f":{"0":0,"1":0,"2":0,"3":0,"4":0},"b":{"0":[0,0],"1":[0,0],"2":[0,0],"3":[0,0],"4":[0,0],"5":[0,0],"6":[0,0],"7":[0,0],"8":[0,0],"9":[0,0],"10":[0,0],"11":[0,0]},"_coverageSchema":"1a1c01bbd47fc00a2c39e90264f33305004495a9","hash":"5485942d28e420af9ccc55376dc67ea3e7880419"}
,"D:\\workspace\\stack\\expressjs\\mahati-backend\\app\\controllers\\admin\\user.controller.js": {"path":"D:\\workspace\\stack\\expressjs\\mahati-backend\\app\\controllers\\admin\\user.controller.js","statementMap":{"0":{"start":{"line":5,"column":27},"end":{"line":24,"column":1}},"1":{"start":{"line":6,"column":2},"end":{"line":23,"column":3}},"2":{"start":{"line":7,"column":17},"end":{"line":7,"column":54}},"3":{"start":{"line":8,"column":4},"end":{"line":8,"column":64}},"4":{"start":{"line":8,"column":22},"end":{"line":8,"column":64}},"5":{"start":{"line":10,"column":17},"end":{"line":10,"column":43}},"6":{"start":{"line":12,"column":4},"end":{"line":20,"column":5}},"7":{"start":{"line":13,"column":20},"end":{"line":13,"column":49}},"8":{"start":{"line":14,"column":6},"end":{"line":14,"column":47}},"9":{"start":{"line":16,"column":6},"end":{"line":19,"column":9}},"10":{"start":{"line":22,"column":4},"end":{"line":22,"column":16}},"11":{"start":{"line":26,"column":23},"end":{"line":58,"column":1}},"12":{"start":{"line":27,"column":2},"end":{"line":57,"column":3}},"13":{"start":{"line":28,"column":17},"end":{"line":28,"column":54}},"14":{"start":{"line":29,"column":4},"end":{"line":29,"column":64}},"15":{"start":{"line":29,"column":22},"end":{"line":29,"column":64}},"16":{"start":{"line":31,"column":17},"end":{"line":31,"column":43}},"17":{"start":{"line":33,"column":4},"end":{"line":54,"column":5}},"18":{"start":{"line":34,"column":25},"end":{"line":46,"column":8}},"19":{"start":{"line":48,"column":6},"end":{"line":48,"column":52}},"20":{"start":{"line":50,"column":6},"end":{"line":53,"column":9}},"21":{"start":{"line":56,"column":4},"end":{"line":56,"column":16}},"22":{"start":{"line":60,"column":26},"end":{"line":104,"column":1}},"23":{"start":{"line":61,"column":2},"end":{"line":103,"column":3}},"24":{"start":{"line":62,"column":17},"end":{"line":62,"column":54}},"25":{"start":{"line":63,"column":4},"end":{"line":63,"column":64}},"26":{"start":{"line":63,"column":22},"end":{"line":63,"column":64}},"27":{"start":{"line":65,"column":40},"end":{"line":65,"column":48}},"28":{"start":{"line":67,"column":16},"end":{"line":67,"column":57}},"29":{"start":{"line":69,"column":4},"end":{"line":77,"column":5}},"30":{"start":{"line":70,"column":6},"end":{"line":76,"column":7}},"31":{"start":{"line":71,"column":8},"end":{"line":75,"column":11}},"32":{"start":{"line":79,"column":17},"end":{"line":79,"column":43}},"33":{"start":{"line":81,"column":4},"end":{"line":100,"column":5}},"34":{"start":{"line":82,"column":26},"end":{"line":92,"column":8}},"35":{"start":{"line":94,"column":6},"end":{"line":94,"column":53}},"36":{"start":{"line":96,"column":6},"end":{"line":99,"column":9}},"37":{"start":{"line":102,"column":4},"end":{"line":102,"column":16}}},"fnMap":{"0":{"name":"(anonymous_0)","decl":{"start":{"line":5,"column":27},"end":{"line":5,"column":28}},"loc":{"start":{"line":5,"column":53},"end":{"line":24,"column":1}},"line":5},"1":{"name":"(anonymous_1)","decl":{"start":{"line":26,"column":23},"end":{"line":26,"column":24}},"loc":{"start":{"line":26,"column":49},"end":{"line":58,"column":1}},"line":26},"2":{"name":"(anonymous_2)","decl":{"start":{"line":60,"column":26},"end":{"line":60,"column":27}},"loc":{"start":{"line":60,"column":52},"end":{"line":104,"column":1}},"line":60}},"branchMap":{"0":{"loc":{"start":{"line":8,"column":4},"end":{"line":8,"column":64}},"type":"if","locations":[{"start":{"line":8,"column":4},"end":{"line":8,"column":64}},{"start":{},"end":{}}],"line":8},"1":{"loc":{"start":{"line":12,"column":4},"end":{"line":20,"column":5}},"type":"if","locations":[{"start":{"line":12,"column":4},"end":{"line":20,"column":5}},{"start":{"line":15,"column":11},"end":{"line":20,"column":5}}],"line":12},"2":{"loc":{"start":{"line":29,"column":4},"end":{"line":29,"column":64}},"type":"if","locations":[{"start":{"line":29,"column":4},"end":{"line":29,"column":64}},{"start":{},"end":{}}],"line":29},"3":{"loc":{"start":{"line":33,"column":4},"end":{"line":54,"column":5}},"type":"if","locations":[{"start":{"line":33,"column":4},"end":{"line":54,"column":5}},{"start":{"line":49,"column":11},"end":{"line":54,"column":5}}],"line":33},"4":{"loc":{"start":{"line":63,"column":4},"end":{"line":63,"column":64}},"type":"if","locations":[{"start":{"line":63,"column":4},"end":{"line":63,"column":64}},{"start":{},"end":{}}],"line":63},"5":{"loc":{"start":{"line":67,"column":16},"end":{"line":67,"column":57}},"type":"cond-expr","locations":[{"start":{"line":67,"column":27},"end":{"line":67,"column":40}},{"start":{"line":67,"column":43},"end":{"line":67,"column":57}}],"line":67},"6":{"loc":{"start":{"line":69,"column":4},"end":{"line":77,"column":5}},"type":"if","locations":[{"start":{"line":69,"column":4},"end":{"line":77,"column":5}},{"start":{},"end":{}}],"line":69},"7":{"loc":{"start":{"line":70,"column":6},"end":{"line":76,"column":7}},"type":"if","locations":[{"start":{"line":70,"column":6},"end":{"line":76,"column":7}},{"start":{},"end":{}}],"line":70},"8":{"loc":{"start":{"line":70,"column":10},"end":{"line":70,"column":40}},"type":"binary-expr","locations":[{"start":{"line":70,"column":10},"end":{"line":70,"column":19}},{"start":{"line":70,"column":23},"end":{"line":70,"column":29}},{"start":{"line":70,"column":33},"end":{"line":70,"column":40}}],"line":70},"9":{"loc":{"start":{"line":81,"column":4},"end":{"line":100,"column":5}},"type":"if","locations":[{"start":{"line":81,"column":4},"end":{"line":100,"column":5}},{"start":{"line":95,"column":11},"end":{"line":100,"column":5}}],"line":81}},"s":{"0":2,"1":0,"2":0,"3":0,"4":0,"5":0,"6":0,"7":0,"8":0,"9":0,"10":0,"11":2,"12":0,"13":0,"14":0,"15":0,"16":0,"17":0,"18":0,"19":0,"20":0,"21":0,"22":2,"23":0,"24":0,"25":0,"26":0,"27":0,"28":0,"29":0,"30":0,"31":0,"32":0,"33":0,"34":0,"35":0,"36":0,"37":0},"f":{"0":0,"1":0,"2":0},"b":{"0":[0,0],"1":[0,0],"2":[0,0],"3":[0,0],"4":[0,0],"5":[0,0],"6":[0,0],"7":[0,0],"8":[0,0,0],"9":[0,0]},"_coverageSchema":"1a1c01bbd47fc00a2c39e90264f33305004495a9","hash":"bba2e3a98caaaec34b015269deb97956c8fcfc27"}
,"D:\\workspace\\stack\\expressjs\\mahati-backend\\app\\controllers\\admin\\video.controller.js": {"path":"D:\\workspace\\stack\\expressjs\\mahati-backend\\app\\controllers\\admin\\video.controller.js","statementMap":{"0":{"start":{"line":5,"column":27},"end":{"line":44,"column":1}},"1":{"start":{"line":6,"column":2},"end":{"line":43,"column":3}},"2":{"start":{"line":10,"column":8},"end":{"line":10,"column":16}},"3":{"start":{"line":12,"column":4},"end":{"line":22,"column":5}},"4":{"start":{"line":13,"column":6},"end":{"line":16,"column":9}},"5":{"start":{"line":17,"column":11},"end":{"line":22,"column":5}},"6":{"start":{"line":18,"column":6},"end":{"line":21,"column":9}},"7":{"start":{"line":24,"column":26},"end":{"line":24,"column":63}},"8":{"start":{"line":26,"column":21},"end":{"line":26,"column":71}},"9":{"start":{"line":27,"column":17},"end":{"line":27,"column":38}},"10":{"start":{"line":29,"column":21},"end":{"line":38,"column":6}},"11":{"start":{"line":40,"column":4},"end":{"line":40,"column":60}},"12":{"start":{"line":42,"column":4},"end":{"line":42,"column":16}},"13":{"start":{"line":46,"column":28},"end":{"line":80,"column":1}},"14":{"start":{"line":47,"column":2},"end":{"line":79,"column":3}},"15":{"start":{"line":48,"column":17},"end":{"line":48,"column":54}},"16":{"start":{"line":49,"column":4},"end":{"line":49,"column":64}},"17":{"start":{"line":49,"column":22},"end":{"line":49,"column":64}},"18":{"start":{"line":51,"column":17},"end":{"line":51,"column":43}},"19":{"start":{"line":53,"column":4},"end":{"line":76,"column":5}},"20":{"start":{"line":54,"column":21},"end":{"line":54,"column":51}},"21":{"start":{"line":57,"column":24},"end":{"line":61,"column":8}},"22":{"start":{"line":63,"column":33},"end":{"line":63,"column":88}},"23":{"start":{"line":63,"column":69},"end":{"line":63,"column":86}},"24":{"start":{"line":65,"column":37},"end":{"line":68,"column":9}},"25":{"start":{"line":65,"column":60},"end":{"line":68,"column":7}},"26":{"start":{"line":70,"column":6},"end":{"line":70,"column":64}},"27":{"start":{"line":72,"column":6},"end":{"line":75,"column":9}},"28":{"start":{"line":78,"column":4},"end":{"line":78,"column":16}},"29":{"start":{"line":82,"column":28},"end":{"line":106,"column":1}},"30":{"start":{"line":83,"column":2},"end":{"line":105,"column":3}},"31":{"start":{"line":84,"column":17},"end":{"line":84,"column":54}},"32":{"start":{"line":85,"column":4},"end":{"line":85,"column":64}},"33":{"start":{"line":85,"column":22},"end":{"line":85,"column":64}},"34":{"start":{"line":87,"column":20},"end":{"line":87,"column":43}},"35":{"start":{"line":89,"column":17},"end":{"line":89,"column":43}},"36":{"start":{"line":91,"column":4},"end":{"line":102,"column":5}},"37":{"start":{"line":92,"column":20},"end":{"line":94,"column":8}},"38":{"start":{"line":96,"column":6},"end":{"line":96,"column":47}},"39":{"start":{"line":98,"column":6},"end":{"line":101,"column":9}},"40":{"start":{"line":104,"column":4},"end":{"line":104,"column":16}},"41":{"start":{"line":108,"column":27},"end":{"line":158,"column":1}},"42":{"start":{"line":109,"column":2},"end":{"line":157,"column":3}},"43":{"start":{"line":110,"column":17},"end":{"line":110,"column":54}},"44":{"start":{"line":111,"column":4},"end":{"line":111,"column":64}},"45":{"start":{"line":111,"column":22},"end":{"line":111,"column":64}},"46":{"start":{"line":113,"column":20},"end":{"line":113,"column":43}},"47":{"start":{"line":114,"column":30},"end":{"line":114,"column":38}},"48":{"start":{"line":116,"column":4},"end":{"line":126,"column":5}},"49":{"start":{"line":117,"column":6},"end":{"line":120,"column":9}},"50":{"start":{"line":121,"column":11},"end":{"line":126,"column":5}},"51":{"start":{"line":122,"column":6},"end":{"line":125,"column":9}},"52":{"start":{"line":128,"column":17},"end":{"line":128,"column":43}},"53":{"start":{"line":130,"column":4},"end":{"line":154,"column":5}},"54":{"start":{"line":131,"column":28},"end":{"line":131,"column":65}},"55":{"start":{"line":133,"column":23},"end":{"line":133,"column":73}},"56":{"start":{"line":134,"column":19},"end":{"line":134,"column":40}},"57":{"start":{"line":136,"column":27},"end":{"line":146,"column":8}},"58":{"start":{"line":148,"column":6},"end":{"line":148,"column":54}},"59":{"start":{"line":150,"column":6},"end":{"line":153,"column":9}},"60":{"start":{"line":156,"column":4},"end":{"line":156,"column":16}},"61":{"start":{"line":160,"column":27},"end":{"line":181,"column":1}},"62":{"start":{"line":161,"column":2},"end":{"line":180,"column":3}},"63":{"start":{"line":162,"column":20},"end":{"line":162,"column":43}},"64":{"start":{"line":164,"column":17},"end":{"line":164,"column":43}},"65":{"start":{"line":166,"column":4},"end":{"line":177,"column":5}},"66":{"start":{"line":167,"column":6},"end":{"line":169,"column":9}},"67":{"start":{"line":171,"column":6},"end":{"line":171,"column":74}},"68":{"start":{"line":173,"column":6},"end":{"line":176,"column":9}},"69":{"start":{"line":179,"column":4},"end":{"line":179,"column":16}}},"fnMap":{"0":{"name":"(anonymous_0)","decl":{"start":{"line":5,"column":27},"end":{"line":5,"column":28}},"loc":{"start":{"line":5,"column":53},"end":{"line":44,"column":1}},"line":5},"1":{"name":"(anonymous_1)","decl":{"start":{"line":46,"column":28},"end":{"line":46,"column":29}},"loc":{"start":{"line":46,"column":54},"end":{"line":80,"column":1}},"line":46},"2":{"name":"(anonymous_2)","decl":{"start":{"line":63,"column":55},"end":{"line":63,"column":56}},"loc":{"start":{"line":63,"column":69},"end":{"line":63,"column":86}},"line":63},"3":{"name":"(anonymous_3)","decl":{"start":{"line":65,"column":48},"end":{"line":65,"column":49}},"loc":{"start":{
[...]
,"D:\\workspace\\stack\\expressjs\\mahati-backend\\app\\routes\\admin\\auth.route.js": {"path":"D:\\workspace\\stack\\expressjs\\mahati-backend\\app\\routes\\admin\\auth.route.js","statementMap":{"0":{"start":{"line":4,"column":15},"end":{"line":4,"column":39}},"1":{"start":{"line":6,"column":0},"end":{"line":9,"column":1}}},"fnMap":{},"branchMap":{},"s":{"0":2,"1":2},"f":{},"b":{},"_coverageSchema":"1a1c01bbd47fc00a2c39e90264f33305004495a9","hash":"95ad1721299789886827b25c03de84f8acc0c61b"}
,"D:\\workspace\\stack\\expressjs\\mahati-backend\\app\\routes\\admin\\bloodPressure.route.js": {"path":"D:\\workspace\\stack\\expressjs\\mahati-backend\\app\\routes\\admin\\bloodPressure.route.js","statementMap":{"0":{"start":{"line":6,"column":15},"end":{"line":6,"column":39}},"1":{"start":{"line":8,"column":0},"end":{"line":12,"column":2}},"2":{"start":{"line":13,"column":0},"end":{"line":17,"column":2}},"3":{"start":{"line":18,"column":0},"end":{"line":23,"column":2}},"4":{"start":{"line":24,"column":0},"end":{"line":29,"column":2}},"5":{"start":{"line":30,"column":0},"end":{"line":34,"column":2}}},"fnMap":{},"branchMap":{},"s":{"0":2,"1":2,"2":2,"3":2,"4":2,"5":2},"f":{},"b":{},"_coverageSchema":"1a1c01bbd47fc00a2c39e90264f33305004495a9","hash":"eb1f9a311c9173c2960e80b0f82e654ed55448ca"}
,"D:\\workspace\\stack\\expressjs\\mahati-backend\\app\\routes\\admin\\bookmark.route.js": {"path":"D:\\workspace\\stack\\expressjs\\mahati-backend\\app\\routes\\admin\\bookmark.route.js","statementMap":{"0":{"start":{"line":5,"column":15},"end":{"line":5,"column":39}},"1":{"start":{"line":7,"column":0},"end":{"line":11,"column":2}},"2":{"start":{"line":12,"column":0},"end":{"line":16,"column":2}},"3":{"start":{"line":17,"column":0},"end":{"line":21,"column":2}},"4":{"start":{"line":22,"column":0},"end":{"line":26,"column":2}},"5":{"start":{"line":27,"column":0},"end":{"line":31,"column":2}}},"fnMap":{},"branchMap":{},"s":{"0":2,"1":2,"2":2,"3":2,"4":2,"5":2},"f":{},"b":{},"_coverageSchema":"1a1c01bbd47fc00a2c39e90264f33305004495a9","hash":"75201228c9f346984a2e091affc6dfe955e4ac41"}
,"D:\\workspace\\stack\\expressjs\\mahati-backend\\app\\routes\\admin\\brochure.route.js": {"path":"D:\\workspace\\stack\\expressjs\\mahati-backend\\app\\routes\\admin\\brochure.route.js","statementMap":{"0":{"start":{"line":6,"column":15},"end":{"line":6,"column":39}},"1":{"start":{"line":8,"column":0},"end":{"line":12,"column":2}},"2":{"start":{"line":13,"column":0},"end":{"line":17,"column":2}},"3":{"start":{"line":18,"column":0},"end":{"line":23,"column":2}},"4":{"start":{"line":24,"column":0},"end":{"line":29,"column":2}},"5":{"start":{"line":30,"column":0},"end":{"line":34,"column":2}}},"fnMap":{},"branchMap":{},"s":{"0":2,"1":2,"2":2,"3":2,"4":2,"5":2},"f":{},"b":{},"_coverageSchema":"1a1c01bbd47fc00a2c39e90264f33305004495a9","hash":"b10187ec169b1379c50a83edb1c6eedd27931cd9"}
,"D:\\workspace\\stack\\expressjs\\mahati-backend\\app\\routes\\admin\\export.route.js": {"path":"D:\\workspace\\stack\\expressjs\\mahati-backend\\app\\routes\\admin\\export.route.js","statementMap":{"0":{"start":{"line":5,"column":15},"end":{"line":5,"column":39}},"1":{"start":{"line":7,"column":0},"end":{"line":11,"column":2}}},"fnMap":{},"branchMap":{},"s":{"0":2,"1":2},"f":{},"b":{},"_coverageSchema":"1a1c01bbd47fc00a2c39e90264f33305004495a9","hash":"a4865312df677e123cc96b040ac580fe9d84a8ff"}
,"D:\\workspace\\stack\\expressjs\\mahati-backend\\app\\routes\\admin\\index.js": {"path":"D:\\workspace\\stack\\expressjs\\mahati-backend\\app\\routes\\admin\\index.js","statementMap":{},"fnMap":{},"branchMap":{},"s":{},"f":{},"b":{},"_coverageSchema":"1a1c01bbd47fc00a2c39e90264f33305004495a9","hash":"3cfe6f6f66bd8dba24c1299a00e1da8553d6b5ff"}
,"D:\\workspace\\stack\\expressjs\\mahati-backend\\app\\routes\\admin\\questionnaire.route.js": {"path":"D:\\workspace\\stack\\expressjs\\mahati-backend\\app\\routes\\admin\\questionnaire.route.js","statementMap":{"0":{"start":{"line":5,"column":15},"end":{"line":5,"column":39}},"1":{"start":{"line":7,"column":0},"end":{"line":11,"column":2}},"2":{"start":{"line":12,"column":0},"end":{"line":16,"column":2}},"3":{"start":{"line":17,"column":0},"end":{"line":21,"column":2}},"4":{"start":{"line":22,"column":0},"end":{"line":26,"column":2}},"5":{"start":{"line":27,"column":0},"end":{"line":31,"column":2}}},"fnMap":{},"branchMap":{},"s":{"0":2,"1":2,"2":2,"3":2,"4":2,"5":2},"f":{},"b":{},"_coverageSchema":"1a1c01bbd47fc00a2c39e90264f33305004495a9","hash":"8ce7b99a67756c6619b65cb1befef965d4141d3c"}
,"D:\\workspace\\stack\\expressjs\\mahati-backend\\app\\routes\\admin\\questionnaireQuestion.route.js": {"path":"D:\\workspace\\stack\\expressjs\\mahati-backend\\app\\routes\\admin\\questionnaireQuestion.route.js","statementMap":{"0":{"start":{"line":5,"column":15},"end":{"line":5,"column":39}},"1":{"start":{"line":7,"column":0},"end":{"line":11,"column":2}},"2":{"start":{"line":12,"column":0},"end":{"line":16,"column":2}},"3":{"start":{"line":17,"column":0},"end":{"line":20,"column":2}},"4":{"start":{"line":21,"column":0},"end":{"line":24,"column":1}},"5":{"start":{"line":25,"column":0},"end":{"line":29,"column":2}},"6":{"start":{"line":30,"column":0},"end":{"line":34,"column":2}}},"fnMap":{},"branchMap":{},"s":{"0":2,"1":2,"2":2,"3":2,"4":2,"5":2,"6":2},"f":{},"b":{},"_coverageSchema":"1a1c01bbd47fc00a2c39e90264f33305004495a9","hash":"235ad94544d3122fd3ed47ba6703e38e553e2d90"}
,"D:\\workspace\\stack\\expressjs\\mahati-backend\\app\\routes\\admin\\reminder.route.js": {"path":"D:\\workspace\\stack\\expressjs\\mahati-backend\\app\\routes\\admin\\reminder.route.js","statementMap":{"0":{"start":{"line":5,"column":15},"end":{"line":5,"column":39}},"1":{"start":{"line":7,"column":0},"end":{"line":11,"column":2}},"2":{"start":{"line":12,"column":0},"end":{"line":16,"column":2}},"3":{"start":{"line":17,"column":0},"end":{"line":21,"column":2}},"4":{"start":{"line":22,"column":0},"end":{"line":26,"column":2}},"5":{"start":{"line":27,"column":0},"end":{"line":31,"column":2}}},"fnMap":{},"branchMap":{},"s":{"0":2,"1":2,"2":2,"3":2,"4":2,"5":2},"f":{},"b":{},"_coverageSchema":"1a1c01bbd47fc00a2c39e90264f33305004495a9","hash":"381e8d65d1a41ac8ae37f1ac89462a6d04f4dc45"}
,"D:\\workspace\\stack\\expressjs\\mahati-backend\\app\\routes\\admin\\schedule.route.js": {"path":"D:\\workspace\\stack\\expressjs\\mahati-backend\\app\\routes\\admin\\schedule.route.js","statementMap":{"0":{"start":{"line":5,"column":15},"end":{"line":5,"column":39}},"1":{"start":{"line":7,"column":0},"end":{"line":11,"column":2}},"2":{"start":{"line":12,"column":0},"end":{"line":16,"column":2}},"3":{"start":{"line":17,"column":0},"end":{"line":20,"column":2}},"4":{"start":{"line":21,"column":0},"end":{"line":25,"column":2}},"5":{"start":{"line":26,"column":0},"end":{"line":30,"column":2}}},"fnMap":{},"branchMap":{},"s":{"0":2,"1":2,"2":2,"3":2,"4":2,"5":2},"f":{},"b":{},"_coverageSchema":"1a1c01bbd47fc00a2c39e90264f33305004495a9","hash":"1dc8c29a5493bdccd4d01edd93dd4ee07612818e"}
,"D:\\workspace\\stack\\expressjs\\mahati-backend\\app\\routes\\admin\\user.route.js": {"path":"D:\\workspace\\stack\\expressjs\\mahati-backend\\app\\routes\\admin\\user.route.js","statementMap":{"0":{"start":{"line":6,"column":15},"end":{"line":6,"column":39}},"1":{"start":{"line":8,"column":0},"end":{"line":12,"column":2}},"2":{"start":{"line":13,"column":0},"end":{"line":17,"column":2}},"3":{"start":{"line":18,"column":0},"end":{"line":23,"column":2}}},"fnMap":{},"branchMap":{},"s":{"0":2,"1":2,"2":2,"3":2},"f":{},"b":{},"_coverageSchema":"1a1c01bbd47fc00a2c39e90264f33305004495a9","hash":"2fc17e32dd394cab5a38c24bbd743dbbc362e112"}
,"D:\\workspace\\stack\\expressjs\\mahati-backend\\app\\routes\\admin\\video.route.js": {"path":"D:\\workspace\\stack\\expressjs\\mahati-backend\\app\\routes\\admin\\video.route.js","statementMap":{"0":{"start":{"line":5,"column":15},"end":{"line":5,"column":39}},"1":{"start":{"line":7,"column":0},"end":{"line":11,"column":2}},"2":{"start":{"line":12,"column":0},"end":{"line":16,"column":2}},"3":{"start":{"line":17,"column":0},"end":{"line":21,"column":2}},"4":{"start":{"line":22,"column":0},"end":{"line":26,"column":2}},"5":{"start":{"line":27,"column":0},"end":{"line":31,"column":2}}},"fnMap":{},"branchMap":{},"s":{"0":2,"1":2,"2":2,"3":2,"4":2,"5":2},"f":{},"b":{},"_coverageSchema":"1a1c01bbd47fc00a2c39e90264f33305004495a9","hash":"50779158146b8f29138765d7212eefa1d920e2b5"}
,"D:\\workspace\\stack\\expressjs\\mahati-backend\\app\\routes\\user\\article.route.js": {"path":"D:\\workspace\\stack\\expressjs\\mahati-backend\\app\\routes\\user\\article.route.js","statementMap":{"0":{"start":{"line":6,"column":15},"end":{"line":6,"column":39}},"1":{"start":{"line":8,"column":0},"end":{"line":12,"column":2}},"2":{"start":{"line":13,"column":0},"end":{"line":17,"column":2}},"3":{"start":{"line":18,"column":0},"end":{"line":22,"column":2}},"4":{"start":{"line":23,"column":0},"end":{"line":27,"column":2}},"5":{"start":{"line":28,"column":0},"end":{"line":32,"column":2}}},"fnMap":{},"branchMap":{},"s":{"0":2,"1":2,"2":2,"3":2,"4":2,"5":2},"f":{},"b":{},"_coverageSchema":"1a1c01bbd47fc00a2c39e90264f33305004495a9","hash":"80de2e16c495cde29a9ffdced123372dabbb6b6d"}
,"D:\\workspace\\stack\\expressjs\\mahati-backend\\app\\routes\\user\\auth.route.js": {"path":"D:\\workspace\\stack\\expressjs\\mahati-backend\\app\\routes\\user\\auth.route.js","statementMap":{"0":{"start":{"line":4,"column":15},"end":{"line":4,"column":39}},"1":{"start":{"line":6,"column":0},"end":{"line":9,"column":2}},"2":{"start":{"line":10,"column":0},"end":{"line":13,"column":2}},"3":{"start":{"line":14,"column":0},"end":{"line":17,"column":2}}},"fnMap":{},"branchMap":{},"s":{"0":2,"1":2,"2":2,"3":2},"f":{},"b":{},"_coverageSchema":"1a1c01bbd47fc00a2c39e90264f33305004495a9","hash":"beeb51cd9dd0c48b7df889246175d28fd82f4e0b"}
,"D:\\workspace\\stack\\expressjs\\mahati-backend\\app\\routes\\user\\bloodPressure.route.js": {"path":"D:\\workspace\\stack\\expressjs\\mahati-backend\\app\\routes\\user\\bloodPressure.route.js","statementMap":{"0":{"start":{"line":6,"column":15},"end":{"line":6,"column":39}},"1":{"start":{"line":8,"column":0},"end":{"line":12,"column":2}},"2":{"start":{"line":13,"column":0},"end":{"line":17,"column":2}},"3":{"start":{"line":18,"column":0},"end":{"line":23,"column":2}},"4":{"start":{"line":24,"column":0},"end":{"line":29,"column":2}},"5":{"start":{"line":30,"column":0},"end":{"line":34,"column":2}}},"fnMap":{},"branchMap":{},"s":{"0":2,"1":2,"2":2,"3":2,"4":2,"5":2},"f":{},"b":{},"_coverageSchema":"1a1c01bbd47fc00a2c39e90264f33305004495a9","hash":"30452e3adcecbd0f250f1e215ec1830d02f6c401"}
,"D:\\workspace\\stack\\expressjs\\mahati-backend\\app\\routes\\user\\bookmark.route.js": {"path":"D:\\workspace\\stack\\expressjs\\mahati-backend\\app\\routes\\user\\bookmark.route.js","statementMap":{"0":{"start":{"line":5,"column":15},"end":{"line":5,"column":39}},"1":{"start":{"line":7,"column":0},"end":{"line":11,"column":2}},"2":{"start":{"line":12,"column":0},"end":{"line":16,"column":2}},"3":{"start":{"line":17,"column":0},"end":{"line":21,"column":2}},"4":{"start":{"line":22,"column":0},"end":{"line":26,"column":2}},"5":{"start":{"line":27,"column":0},"end":{"line":31,"column":2}}},"fnMap":{},"branchMap":{},"s":{"0":2,"1":2,"2":2,"3":2,"4":2,"5":2},"f":{},"b":{},"_coverageSchema":"1a1c01bbd47fc00a2c39e90264f33305004495a9","hash":"63e4751b371095e66a635f15fcce81f5f1ded86d"}
,"D:\\workspace\\stack\\expressjs\\mahati-backend\\app\\routes\\user\\brochure.route.js": {"path":"D:\\workspace\\stack\\expressjs\\mahati-backend\\app\\routes\\user\\brochure.route.js","statementMap":{"0":{"start":{"line":6,"column":15},"end":{"line":6,"column":39}},"1":{"start":{"line":8,"column":0},"end":{"line":12,"column":2}},"2":{"start":{"line":13,"column":0},"end":{"line":17,"column":2}},"3":{"start":{"line":18,"column":0},"end":{"line":23,"column":2}},"4":{"start":{"line":24,"column":0},"end":{"line":29,"column":2}},"5":{"start":{"line":30,"column":0},"end":{"line":34,"column":2}}},"fnMap":{},"branchMap":{},"s":{"0":2,"1":2,"2":2,"3":2,"4":2,"5":2},"f":{},"b":{},"_coverageSchema":"1a1c01bbd47fc00a2c39e90264f33305004495a9","hash":"664f13b8f327e20c08a8b78508fc3b1ffafa9adc"}
,"D:\\workspace\\stack\\expressjs\\mahati-backend\\app\\routes\\user\\export.route.js": {"path":"D:\\workspace\\stack\\expressjs\\mahati-backend\\app\\routes\\user\\export.route.js","statementMap":{"0":{"start":{"line":5,"column":15},"end":{"line":5,"column":39}},"1":{"start":{"line":7,"column":0},"end":{"line":11,"column":2}},"2":{"start":{"line":12,"column":0},"end":{"line":16,"column":2}},"3":{"start":{"line":17,"column":0},"end":{"line":21,"column":2}}},"fnMap":{},"branchMap":{},"s":{"0":2,"1":2,"2":2,"3":2},"f":{},"b":{},"_coverageSchema":"1a1c01bbd47fc00a2c39e90264f33305004495a9","hash":"d07b41f2e97ee712a646f58e7320774df3cd3c53"}
,"D:\\workspace\\stack\\expressjs\\mahati-backend\\app\\routes\\user\\index.js": {"path":"D:\\workspace\\stack\\expressjs\\mahati-backend\\app\\routes\\user\\index.js","statementMap":{},"fnMap":{},"branchMap":{},"s":{},"f":{},"b":{},"_coverageSchema":"1a1c01bbd47fc00a2c39e90264f33305004495a9","hash":"9b27452f3ef6d5064daefac0689e5f88029929d1"}
,"D:\\workspace\\stack\\expressjs\\mahati-backend\\app\\routes\\user\\questionnaire.route.js": {"path":"D:\\workspace\\stack\\expressjs\\mahati-backend\\app\\routes\\user\\questionnaire.route.js","statementMap":{"0":{"start":{"line":5,"column":15},"end":{"line":5,"column":39}},"1":{"start":{"line":7,"column":0},"end":{"line":11,"column":2}},"2":{"start":{"line":12,"column":0},"end":{"line":16,"column":2}},"3":{"start":{"line":17,"column":0},"end":{"line":21,"column":2}},"4":{"start":{"line":22,"column":0},"end":{"line":26,"column":2}},"5":{"start":{"line":27,"column":0},"end":{"line":31,"column":2}}},"fnMap":{},"branchMap":{},"s":{"0":2,"1":2,"2":2,"3":2,"4":2,"5":2},"f":{},"b":{},"_coverageSchema":"1a1c01bbd47fc00a2c39e90264f33305004495a9","hash":"d24e9b4804397a05d73939487475d91668592c55"}
,"D:\\workspace\\stack\\expressjs\\mahati-backend\\app\\routes\\user\\questionnaireQuestion.route.js": {"path":"D:\\workspace\\stack\\expressjs\\mahati-backend\\app\\routes\\user\\questionnaireQuestion.route.js","statementMap":{"0":{"start":{"line":5,"column":15},"end":{"line":5,"column":39}},"1":{"start":{"line":7,"column":0},"end":{"line":11,"column":2}},"2":{"start":{"line":12,"column":0},"end":{"line":16,"column":2}},"3":{"start":{"line":17,"column":0},"end":{"line":20,"column":2}},"4":{"start":{"line":21,"column":0},"end":{"line":25,"column":2}},"5":{"start":{"line":26,"column":0},"end":{"line":30,"column":2}}},"fnMap":{},"branchMap":{},"s":{"0":2,"1":2,"2":2,"3":2,"4":2,"5":2},"f":{},"b":{},"_coverageSchema":"1a1c01bbd47fc00a2c39e90264f33305004495a9","hash":"4c5bcb98f51fcc8874938a5ee3f602fc9f1c561f"}
,"D:\\workspace\\stack\\expressjs\\mahati-backend\\app\\routes\\user\\reminder.route.js": {"path":"D:\\workspace\\stack\\expressjs\\mahati-backend\\app\\routes\\user\\reminder.route.js","statementMap":{"0":{"start":{"line":5,"column":15},"end":{"line":5,"column":39}},"1":{"start":{"line":7,"column":0},"end":{"line":11,"column":2}},"2":{"start":{"line":12,"column":0},"end":{"line":16,"column":2}},"3":{"start":{"line":17,"column":0},"end":{"line":21,"column":2}},"4":{"start":{"line":22,"column":0},"end":{"line":26,"column":1}},"5":{"start":{"line":27,"column":0},"end":{"line":31,"column":2}},"6":{"start":{"line":32,"column":0},"end":{"line":36,"column":2}}},"fnMap":{},"branchMap":{},"s":{"0":2,"1":2,"2":2,"3":2,"4":2,"5":2,"6":2},"f":{},"b":{},"_coverageSchema":"1a1c01bbd47fc00a2c39e90264f33305004495a9","hash":"4363e8414c68844d00fe50a5d09b23dfdd418f52"}
,"D:\\workspace\\stack\\expressjs\\mahati-backend\\app\\routes\\user\\schedule.route.js": {"path":"D:\\workspace\\stack\\expressjs\\mahati-backend\\app\\routes\\user\\schedule.route.js","statementMap":{"0":{"start":{"line":5,"column":15},"end":{"line":5,"column":39}},"1":{"start":{"line":7,"column":0},"end":{"line":11,"column":2}},"2":{"start":{"line":12,"column":0},"end":{"line":16,"column":2}},"3":{"start":{"line":17,"column":0},"end":{"line":20,"column":2}},"4":{"start":{"line":21,"column":0},"end":{"line":25,"column":2}},"5":{"start":{"line":26,"column":0},"end":{"line":30,"column":2}}},"fnMap":{},"branchMap":{},"s":{"0":2,"1":2,"2":2,"3":2,"4":2,"5":2},"f":{},"b":{},"_coverageSchema":"1a1c01bbd47fc00a2c39e90264f33305004495a9","hash":"f99ada8781e21ab8b1101c9c2180f773805bd803"}
,"D:\\workspace\\stack\\expressjs\\mahati-backend\\app\\routes\\user\\user.route.js": {"path":"D:\\workspace\\stack\\expressjs\\mahati-backend\\app\\routes\\user\\user.route.js","statementMap":{"0":{"start":{"line":6,"column":15},"end":{"line":6,"column":39}},"1":{"start":{"line":8,"column":0},"end":{"line":12,"column":2}},"2":{"start":{"line":13,"column":0},"end":{"line":18,"column":2}}},"fnMap":{},"branchMap":{},"s":{"0":2,"1":2,"2":2},"f":{},"b":{},"_coverageSchema":"1a1c01bbd47fc00a2c39e90264f33305004495a9","hash":"8e8024215382700b6eac66dc3b6b18cfcaeb0197"}
,"D:\\workspace\\stack\\expressjs\\mahati-backend\\app\\routes\\user\\userDashboard.route.js": {"path":"D:\\workspace\\stack\\expressjs\\mahati-backend\\app\\routes\\user\\userDashboard.route.js","statementMap":{"0":{"start":{"line":5,"column":15},"end":{"line":5,"column":39}},"1":{"start":{"line":7,"column":0},"end":{"line":11,"column":2}}},"fnMap":{},"branchMap":{},"s":{"0":2,"1":2},"f":{},"b":{},"_coverageSchema":"1a1c01bbd47fc00a2c39e90264f33305004495a9","hash":"4faa1f3cedd809fa7e77b854fe85d3786bdaecbf"}
,"D:\\workspace\\stack\\expressjs\\mahati-backend\\app\\routes\\user\\video.route.js": {"path":"D:\\workspace\\stack\\expressjs\\mahati-backend\\app\\routes\\user\\video.route.js","statementMap":{"0":{"start":{"line":5,"column":15},"end":{"line":5,"column":39}},"1":{"start":{"line":7,"column":0},"end":{"line":11,"column":2}},"2":{"start":{"line":12,"column":0},"end":{"line":16,"column":2}},"3":{"start":{"line":17,"column":0},"end":{"line":21,"column":2}},"4":{"start":{"line":22,"column":0},"end":{"line":25,"column":2}},"5":{"start":{"line":26,"column":0},"end":{"line":30,"column":2}},"6":{"start":{"line":31,"column":0},"end":{"line":35,"column":2}}},"fnMap":{},"branchMap":{},"s":{"0":2,"1":2,"2":2,"3":2,"4":2,"5":2,"6":2},"f":{},"b":{},"_coverageSchema":"1a1c01bbd47fc00a2c39e90264f33305004495a9","hash":"726bbcbf11d36a78b97b5323be8b5dfbe3c28089"}
}
