TN:
SF:app.js
FN:24,(anonymous_0)
FNF:1
FNH:0
FNDA:0,(anonymous_0)
DA:5,18
DA:6,18
DA:7,18
DA:9,18
DA:20,18
DA:21,18
DA:22,18
DA:24,18
DA:25,0
DA:30,18
DA:31,18
LF:11
LH:10
BRDA:6,0,0,18
BRDA:6,0,1,18
BRF:2
BRH:2
end_of_record
TN:
SF:app\controllers\admin\auth.controller.js
FN:6,(anonymous_0)
FNF:1
FNH:1
FNDA:6,(anonymous_0)
DA:6,18
DA:7,6
DA:8,6
DA:10,6
DA:14,5
DA:15,3
DA:21,2
DA:23,2
DA:24,1
DA:29,1
DA:30,1
DA:31,1
DA:33,1
DA:36,1
DA:37,1
DA:42,1
DA:50,0
DA:57,0
DA:67,1
LF:19
LH:17
BRDA:14,0,0,3
BRDA:14,0,1,2
BRDA:23,1,0,1
BRDA:23,1,1,1
BRDA:36,2,0,1
BRDA:36,2,1,0
BRF:6
BRH:5
end_of_record
TN:
SF:app\controllers\admin\bloodPressure.controller.js
FN:5,(anonymous_0)
FN:38,(anonymous_1)
FN:59,(anonymous_2)
FN:89,(anonymous_3)
FN:134,(anonymous_4)
FNF:5
FNH:0
FNDA:0,(anonymous_0)
FNDA:0,(anonymous_1)
FNDA:0,(anonymous_2)
FNDA:0,(anonymous_3)
FNDA:0,(anonymous_4)
DA:5,18
DA:6,0
DA:7,0
DA:8,0
DA:10,0
DA:11,0
DA:13,0
DA:15,0
DA:16,0
DA:17,0
DA:26,0
DA:28,0
DA:34,0
DA:38,18
DA:39,0
DA:40,0
DA:41,0
DA:43,0
DA:45,0
DA:46,0
DA:47,0
DA:49,0
DA:55,0
DA:59,18
DA:60,0
DA:61,0
DA:62,0
DA:64,0
DA:66,0
DA:67,0
DA:68,0
DA:71,0
DA:72,0
DA:77,0
DA:79,0
DA:85,0
DA:89,18
DA:90,0
DA:91,0
DA:93,0
DA:94,0
DA:96,0
DA:97,0
DA:99,0
DA:100,0
DA:101,0
DA:105,0
DA:106,0
DA:112,0
DA:122,0
DA:124,0
DA:130,0
DA:134,18
DA:135,0
DA:136,0
DA:137,0
DA:139,0
DA:141,0
DA:142,0
DA:143,0
DA:147,0
DA:148,0
DA:154,0
DA:158,0
DA:160,0
DA:166,0
LF:66
LH:5
BRDA:8,0,0,0
BRDA:8,0,1,0
BRDA:11,1,0,0
BRDA:11,1,1,0
BRDA:15,2,0,0
BRDA:15,2,1,0
BRDA:41,3,0,0
BRDA:41,3,1,0
BRDA:45,4,0,0
BRDA:45,4,1,0
BRDA:62,5,0,0
BRDA:62,5,1,0
BRDA:66,6,0,0
BRDA:66,6,1,0
BRDA:71,7,0,0
BRDA:71,7,1,0
BRDA:94,8,0,0
BRDA:94,8,1,0
BRDA:96,9,0,0
BRDA:96,9,1,0
BRDA:99,10,0,0
BRDA:99,10,1,0
BRDA:105,11,0,0
BRDA:105,11,1,0
BRDA:137,12,0,0
BRDA:137,12,1,0
BRDA:141,13,0,0
BRDA:141,13,1,0
BRDA:147,14,0,0
BRDA:147,14,1,0
BRF:30
BRH:0
end_of_record
TN:
SF:app\controllers\admin\bookmark.controller.js
FN:5,(anonymous_0)
FN:34,(anonymous_1)
FN:55,(anonymous_2)
FN:80,(anonymous_3)
FN:109,(anonymous_4)
FNF:5
FNH:0
FNDA:0,(anonymous_0)
FNDA:0,(anonymous_1)
FNDA:0,(anonymous_2)
FNDA:0,(anonymous_3)
FNDA:0,(anonymous_4)
DA:5,18
DA:6,0
DA:7,0
DA:8,0
DA:10,0
DA:12,0
DA:14,0
DA:15,0
DA:16,0
DA:22,0
DA:24,0
DA:30,0
DA:34,18
DA:35,0
DA:36,0
DA:37,0
DA:39,0
DA:41,0
DA:42,0
DA:43,0
DA:45,0
DA:51,0
DA:55,18
DA:56,0
DA:57,0
DA:58,0
DA:60,0
DA:62,0
DA:64,0
DA:65,0
DA:68,0
DA:70,0
DA:76,0
DA:80,18
DA:81,0
DA:82,0
DA:83,0
DA:85,0
DA:86,0
DA:88,0
DA:90,0
DA:91,0
DA:97,0
DA:99,0
DA:105,0
DA:109,18
DA:110,0
DA:111,0
DA:112,0
DA:114,0
DA:116,0
DA:118,0
DA:119,0
DA:122,0
DA:124,0
DA:130,0
LF:56
LH:5
BRDA:8,0,0,0
BRDA:8,0,1,0
BRDA:14,1,0,0
BRDA:14,1,1,0
BRDA:37,2,0,0
BRDA:37,2,1,0
BRDA:41,3,0,0
BRDA:41,3,1,0
BRDA:58,4,0,0
BRDA:58,4,1,0
BRDA:64,5,0,0
BRDA:64,5,1,0
BRDA:83,6,0,0
BRDA:83,6,1,0
BRDA:90,7,0,0
BRDA:90,7,1,0
BRDA:112,8,0,0
BRDA:112,8,1,0
BRDA:118,9,0,0
BRDA:118,9,1,0
BRF:20
BRH:0
end_of_record
TN:
SF:app\controllers\admin\brochure.controller.js
FN:6,(anonymous_0)
FN:13,(anonymous_1)
FN:19,(anonymous_2)
FN:33,(anonymous_3)
FN:59,(anonymous_4)
FN:95,(anonymous_5)
FN:113,(anonymous_6)
FN:123,(anonymous_7)
FN:132,(anonymous_8)
FN:149,(anonymous_9)
FNF:10
FNH:0
FNDA:0,(anonymous_0)
FNDA:0,(anonymous_1)
FNDA:0,(anonymous_2)
FNDA:0,(anonymous_3)
FNDA:0,(anonymous_4)
FNDA:0,(anonymous_5)
FNDA:0,(anonymous_6)
FNDA:0,(anonymous_7)
FNDA:0,(anonymous_8)
FNDA:0,(anonymous_9)
DA:6,18
DA:7,0
DA:8,0
DA:9,0
DA:10,0
DA:13,0
DA:15,0
DA:19,0
DA:27,0
DA:29,0
DA:33,18
DA:34,0
DA:35,0
DA:36,0
DA:38,0
DA:40,0
DA:41,0
DA:47,0
DA:49,0
DA:55,0
DA:59,18
DA:60,0
DA:61,0
DA:62,0
DA:64,0
DA:66,0
DA:68,0
DA:69,0
DA:76,0
DA:77,0
DA:83,0
DA:85,0
DA:91,0
DA:95,18
DA:96,0
DA:97,0
DA:98,0
DA:100,0
DA:101,0
DA:105,0
DA:106,0
DA:112,0
DA:113,0
DA:115,0
DA:117,0
DA:118,0
DA:123,0
DA:131,0
DA:132,0
DA:133,0
DA:137,0
DA:139,0
DA:145,0
DA:149,18
DA:150,0
DA:151,0
DA:152,0
DA:154,0
DA:156,0
DA:163,0
DA:164,0
DA:170,0
DA:172,0
DA:173,0
DA:174,0
DA:175,0
DA:179,0
DA:183,0
DA:187,0
DA:189,0
DA:195,0
LF:71
LH:5
BRDA:9,0,0,0
BRDA:9,0,1,0
BRDA:13,1,0,0
BRDA:13,1,1,0
BRDA:36,2,0,0
BRDA:36,2,1,0
BRDA:40,3,0,0
BRDA:40,3,1,0
BRDA:62,4,0,0
BRDA:62,4,1,0
BRDA:68,5,0,0
BRDA:68,5,1,0
BRDA:76,6,0,0
BRDA:76,6,1,0
BRDA:98,7,0,0
BRDA:98,7,1,0
BRDA:105,8,0,0
BRDA:105,8,1,0
BRDA:113,9,0,0
BRDA:113,9,1,0
BRDA:117,10,0,0
BRDA:117,10,1,0
BRDA:131,11,0,0
BRDA:131,11,1,0
BRDA:152,12,0,0
BRDA:152,12,1,0
BRDA:163,13,0,0
BRDA:163,13,1,0
BRDA:172,14,0,0
BRDA:172,14,1,0
BRDA:173,15,0,0
BRDA:173,15,1,0
BRF:32
BRH:0
end_of_record
TN:
SF:app\controllers\admin\export.controller.js
FN:6,(anonymous_0)
FNF:1
FNH:0
FNDA:0,(anonymous_0)
DA:6,18
DA:7,0
DA:8,0
DA:9,0
DA:11,0
DA:13,0
DA:14,0
DA:15,0
DA:19,0
DA:23,0
DA:25,0
DA:31,0
LF:12
LH:1
BRDA:9,0,0,0
BRDA:9,0,1,0
BRDA:13,1,0,0
BRDA:13,1,1,0
BRF:4
BRH:0
end_of_record
TN:
SF:app\controllers\admin\questionnaire.controller.js
FN:5,(anonymous_0)
FN:29,(anonymous_1)
FN:59,(anonymous_2)
FN:92,(anonymous_3)
FN:127,(anonymous_4)
FNF:5
FNH:0
FNDA:0,(anonymous_0)
FNDA:0,(anonymous_1)
FNDA:0,(anonymous_2)
FNDA:0,(anonymous_3)
FNDA:0,(anonymous_4)
DA:5,18
DA:6,0
DA:7,0
DA:9,0
DA:23,0
DA:25,0
DA:29,18
DA:30,0
DA:31,0
DA:32,0
DA:34,0
DA:36,0
DA:37,0
DA:47,0
DA:49,0
DA:55,0
DA:59,18
DA:60,0
DA:61,0
DA:62,0
DA:64,0
DA:66,0
DA:68,0
DA:69,0
DA:80,0
DA:82,0
DA:88,0
DA:92,18
DA:93,0
DA:94,0
DA:95,0
DA:97,0
DA:98,0
DA:100,0
DA:102,0
DA:103,0
DA:115,0
DA:117,0
DA:123,0
DA:127,18
DA:128,0
DA:129,0
DA:130,0
DA:132,0
DA:134,0
DA:136,0
DA:137,0
DA:141,0
DA:143,0
DA:149,0
LF:50
LH:5
BRDA:32,0,0,0
BRDA:32,0,1,0
BRDA:36,1,0,0
BRDA:36,1,1,0
BRDA:62,2,0,0
BRDA:62,2,1,0
BRDA:68,3,0,0
BRDA:68,3,1,0
BRDA:95,4,0,0
BRDA:95,4,1,0
BRDA:102,5,0,0
BRDA:102,5,1,0
BRDA:130,6,0,0
BRDA:130,6,1,0
BRDA:136,7,0,0
BRDA:136,7,1,0
BRF:16
BRH:0
end_of_record
TN:
SF:app\controllers\admin\questionnaireQuestion.controller.js
FN:5,(anonymous_0)
FN:26,(anonymous_1)
FN:46,(anonymous_2)
FN:74,(anonymous_3)
FN:105,(anonymous_4)
FN:137,(anonymous_5)
FNF:6
FNH:0
FNDA:0,(anonymous_0)
FNDA:0,(anonymous_1)
FNDA:0,(anonymous_2)
FNDA:0,(anonymous_3)
FNDA:0,(anonymous_4)
FNDA:0,(anonymous_5)
DA:5,18
DA:6,0
DA:7,0
DA:10,0
DA:20,0
DA:22,0
DA:26,18
DA:27,0
DA:28,0
DA:30,0
DA:31,0
DA:40,0
DA:42,0
DA:46,18
DA:47,0
DA:48,0
DA:49,0
DA:51,0
DA:53,0
DA:55,0
DA:62,0
DA:64,0
DA:70,0
DA:74,18
DA:75,0
DA:76,0
DA:77,0
DA:79,0
DA:81,0
DA:83,0
DA:85,0
DA:93,0
DA:95,0
DA:101,0
DA:105,18
DA:106,0
DA:107,0
DA:108,0
DA:110,0
DA:111,0
DA:113,0
DA:115,0
DA:117,0
DA:125,0
DA:127,0
DA:133,0
DA:137,18
DA:138,0
DA:139,0
DA:140,0
DA:142,0
DA:144,0
DA:146,0
DA:147,0
DA:151,0
DA:153,0
DA:159,0
LF:57
LH:6
BRDA:49,0,0,0
BRDA:49,0,1,0
BRDA:53,1,0,0
BRDA:53,1,1,0
BRDA:77,2,0,0
BRDA:77,2,1,0
BRDA:83,3,0,0
BRDA:83,3,1,0
BRDA:108,4,0,0
BRDA:108,4,1,0
BRDA:115,5,0,0
BRDA:115,5,1,0
BRDA:140,6,0,0
BRDA:140,6,1,0
BRDA:146,7,0,0
BRDA:146,7,1,0
BRF:16
BRH:0
end_of_record
TN:
SF:app\controllers\admin\reminder.controller.js
FN:5,(anonymous_0)
FN:53,(anonymous_1)
FN:79,(anonymous_2)
FN:108,(anonymous_3)
FN:154,(anonymous_4)
FNF:5
FNH:0
FNDA:0,(anonymous_0)
FNDA:0,(anonymous_1)
FNDA:0,(anonymous_2)
FNDA:0,(anonymous_3)
FNDA:0,(anonymous_4)
DA:5,18
DA:6,0
DA:16,0
DA:18,0
DA:28,0
DA:34,0
DA:47,0
DA:49,0
DA:53,18
DA:54,0
DA:55,0
DA:56,0
DA:58,0
DA:60,0
DA:61,0
DA:67,0
DA:69,0
DA:75,0
DA:79,18
DA:80,0
DA:81,0
DA:82,0
DA:84,0
DA:86,0
DA:88,0
DA:89,0
DA:96,0
DA:98,0
DA:104,0
DA:108,18
DA:109,0
DA:110,0
DA:111,0
DA:113,0
DA:123,0
DA:125,0
DA:127,0
DA:128,0
DA:142,0
DA:144,0
DA:150,0
DA:154,18
DA:155,0
DA:156,0
DA:157,0
DA:159,0
DA:161,0
DA:163,0
DA:164,0
DA:168,0
DA:170,0
DA:176,0
LF:52
LH:5
BRDA:18,0,0,0
BRDA:18,0,1,0
BRDA:19,1,0,0
BRDA:19,1,1,0
BRDA:19,1,2,0
BRDA:19,1,3,0
BRDA:19,1,4,0
BRDA:19,1,5,0
BRDA:19,1,6,0
BRDA:19,1,7,0
BRDA:56,2,0,0
BRDA:56,2,1,0
BRDA:60,3,0,0
BRDA:60,3,1,0
BRDA:82,4,0,0
BRDA:82,4,1,0
BRDA:88,5,0,0
BRDA:88,5,1,0
BRDA:111,6,0,0
BRDA:111,6,1,0
BRDA:127,7,0,0
BRDA:127,7,1,0
BRDA:157,8,0,0
BRDA:157,8,1,0
BRDA:163,9,0,0
BRDA:163,9,1,0
BRF:26
BRH:0
end_of_record
TN:
SF:app\controllers\admin\schedule.controller.js
FN:5,(anonymous_0)
FN:35,(anonymous_1)
FN:61,(anonymous_2)
FN:97,(anonymous_3)
FN:135,(anonymous_4)
FNF:5
FNH:0
FNDA:0,(anonymous_0)
FNDA:0,(anonymous_1)
FNDA:0,(anonymous_2)
FNDA:0,(anonymous_3)
FNDA:0,(anonymous_4)
DA:5,18
DA:6,0
DA:11,0
DA:13,0
DA:17,0
DA:18,0
DA:21,0
DA:29,0
DA:31,0
DA:35,18
DA:36,0
DA:37,0
DA:38,0
DA:40,0
DA:42,0
DA:43,0
DA:49,0
DA:51,0
DA:57,0
DA:61,18
DA:62,0
DA:63,0
DA:64,0
DA:66,0
DA:68,0
DA:70,0
DA:71,0
DA:78,0
DA:79,0
DA:85,0
DA:87,0
DA:93,0
DA:97,18
DA:98,0
DA:99,0
DA:100,0
DA:102,0
DA:104,0
DA:106,0
DA:107,0
DA:111,0
DA:112,0
DA:118,0
DA:123,0
DA:125,0
DA:131,0
DA:135,18
DA:136,0
DA:137,0
DA:138,0
DA:140,0
DA:142,0
DA:144,0
DA:145,0
DA:149,0
DA:150,0
DA:156,0
DA:160,0
DA:162,0
DA:168,0
LF:60
LH:5
BRDA:17,0,0,0
BRDA:17,0,1,0
BRDA:38,1,0,0
BRDA:38,1,1,0
BRDA:42,2,0,0
BRDA:42,2,1,0
BRDA:64,3,0,0
BRDA:64,3,1,0
BRDA:70,4,0,0
BRDA:70,4,1,0
BRDA:78,5,0,0
BRDA:78,5,1,0
BRDA:100,6,0,0
BRDA:100,6,1,0
BRDA:106,7,0,0
BRDA:106,7,1,0
BRDA:111,8,0,0
BRDA:111,8,1,0
BRDA:138,9,0,0
BRDA:138,9,1,0
BRDA:144,10,0,0
BRDA:144,10,1,0
BRDA:149,11,0,0
BRDA:149,11,1,0
BRF:24
BRH:0
end_of_record
TN:
SF:app\controllers\admin\user.controller.js
FN:5,(anonymous_0)
FN:26,(anonymous_1)
FN:60,(anonymous_2)
FNF:3
FNH:0
FNDA:0,(anonymous_0)
FNDA:0,(anonymous_1)
FNDA:0,(anonymous_2)
DA:5,18
DA:6,0
DA:7,0
DA:8,0
DA:10,0
DA:12,0
DA:13,0
DA:14,0
DA:16,0
DA:22,0
DA:26,18
DA:27,0
DA:28,0
DA:29,0
DA:31,0
DA:33,0
DA:34,0
DA:48,0
DA:50,0
DA:56,0
DA:60,18
DA:61,0
DA:62,0
DA:63,0
DA:65,0
DA:67,0
DA:69,0
DA:70,0
DA:71,0
DA:79,0
DA:81,0
DA:82,0
DA:94,0
DA:96,0
DA:102,0
LF:35
LH:3
BRDA:8,0,0,0
BRDA:8,0,1,0
BRDA:12,1,0,0
BRDA:12,1,1,0
BRDA:29,2,0,0
BRDA:29,2,1,0
BRDA:33,3,0,0
BRDA:33,3,1,0
BRDA:63,4,0,0
BRDA:63,4,1,0
BRDA:67,5,0,0
BRDA:67,5,1,0
BRDA:69,6,0,0
BRDA:69,6,1,0
BRDA:70,7,0,0
BRDA:70,7,1,0
BRDA:70,8,0,0
BRDA:70,8,1,0
BRDA:70,8,2,0
BRDA:81,9,0,0
BRDA:81,9,1,0
BRF:21
BRH:0
end_of_record
TN:
SF:app\controllers\admin\video.controller.js
FN:5,(anonymous_0)
FN:46,(anonymous_1)
FN:63,(anonymous_2)
FN:65,(anonymous_3)
FN:82,(anonymous_4)
FN:108,(anonymous_5)
FN:160,(anonymous_6)
FNF:7
FNH:0
FNDA:0,(anonymous_0)
FNDA:0,(anonymous_1)
FNDA:0,(anonymous_2)
FNDA:0,(anonymous_3)
FNDA:0,(anonymous_4)
FNDA:0,(anonymous_5)
FNDA:0,(anonymous_6)
DA:5,18
DA:6,0
DA:10,0
DA:12,0
DA:13,0
DA:17,0
DA:18,0
DA:24,0
DA:26,0
DA:27,0
DA:29,0
DA:40,0
DA:42,0
DA:46,18
DA:47,0
DA:48,0
DA:49,0
DA:51,0
DA:53,0
DA:54,0
DA:57,0
DA:63,0
DA:65,0
DA:70,0
DA:72,0
DA:78,0
DA:82,18
DA:83,0
DA:84,0
DA:85,0
DA:87,0
DA:89,0
DA:91,0
DA:92,0
DA:96,0
DA:98,0
DA:104,0
DA:108,18
DA:109,0
DA:110,0
DA:111,0
DA:113,0
DA:114,0
DA:116,0
DA:117,0
DA:121,0
DA:122,0
DA:128,0
DA:130,0
DA:131,0
DA:133,0
DA:134,0
DA:136,0
DA:148,0
DA:150,0
DA:156,0
DA:160,18
DA:161,0
DA:162,0
DA:164,0
DA:166,0
DA:167,0
DA:171,0
DA:173,0
DA:179,0
LF:65
LH:5
BRDA:12,0,0,0
BRDA:12,0,1,0
BRDA:12,1,0,0
BRDA:12,1,1,0
BRDA:17,2,0,0
BRDA:17,2,1,0
BRDA:49,3,0,0
BRDA:49,3,1,0
BRDA:53,4,0,0
BRDA:53,4,1,0
BRDA:85,5,0,0
BRDA:85,5,1,0
BRDA:91,6,0,0
BRDA:91,6,1,0
BRDA:111,7,0,0
BRDA:111,7,1,0
BRDA:116,8,0,0
BRDA:116,8,1,0
BRDA:116,9,0,0
BRDA:116,9,1,0
BRDA:121,10,0,0
BRDA:121,10,1,0
BRDA:130,11,0,0
BRDA:130,11,1,0
BRDA:166,12,0,0
BRDA:166,12,1,0
BRF:26
BRH:0
end_of_record
TN:
SF:app\controllers\user\article.controller.js
FN:5,(anonymous_0)
FN:36,(anonymous_1)
FN:49,(anonymous_2)
FN:73,(anonymous_3)
FN:109,(anonymous_4)
FNF:5
FNH:5
FNDA:2,(anonymous_0)
FNDA:4,(anonymous_1)
FNDA:4,(anonymous_2)
FNDA:6,(anonymous_3)
FNDA:4,(anonymous_4)
DA:5,18
DA:6,2
DA:7,2
DA:8,2
DA:9,0
DA:12,2
DA:14,2
DA:15,0
DA:18,2
DA:19,1
DA:22,1
DA:30,1
DA:32,0
DA:36,18
DA:37,4
DA:38,4
DA:39,4
DA:41,2
DA:43,1
DA:45,1
DA:49,18
DA:50,4
DA:51,4
DA:52,4
DA:54,3
DA:56,3
DA:60,2
DA:61,1
DA:67,1
DA:69,1
DA:73,18
DA:74,6
DA:75,6
DA:76,6
DA:77,6
DA:78,6
DA:80,4
DA:84,4
DA:85,1
DA:91,3
DA:92,1
DA:95,2
DA:103,1
DA:105,1
DA:109,18
DA:110,4
DA:111,4
DA:112,4
DA:115,4
DA:116,4
DA:118,3
DA:119,1
DA:125,2
DA:129,1
DA:131,1
DA:133,1
LF:56
LH:53
BRDA:8,0,0,0
BRDA:8,0,1,2
BRDA:12,1,0,2
BRDA:12,1,1,0
BRDA:14,2,0,0
BRDA:14,2,1,2
BRDA:18,3,0,1
BRDA:18,3,1,1
BRDA:18,4,0,2
BRDA:18,4,1,1
BRDA:39,5,0,2
BRDA:39,5,1,2
BRDA:52,6,0,1
BRDA:52,6,1,3
BRDA:60,7,0,1
BRDA:60,7,1,1
BRDA:78,8,0,2
BRDA:78,8,1,4
BRDA:84,9,0,1
BRDA:84,9,1,3
BRDA:91,10,0,1
BRDA:91,10,1,2
BRDA:91,11,0,3
BRDA:91,11,1,2
BRDA:116,12,0,1
BRDA:116,12,1,3
BRDA:118,13,0,1
BRDA:118,13,1,2
BRF:28
BRH:25
end_of_record
TN:
SF:app\controllers\user\auth.controller.js
FN:7,(anonymous_0)
FN:40,(anonymous_1)
FN:106,(anonymous_2)
FNF:3
FNH:3
FNDA:4,(anonymous_0)
FNDA:6,(anonymous_1)
FNDA:2,(anonymous_2)
DA:7,18
DA:8,4
DA:9,4
DA:11,4
DA:15,4
DA:16,2
DA:21,2
DA:22,2
DA:24,2
DA:33,1
DA:36,1
DA:40,18
DA:41,6
DA:42,6
DA:45,6
DA:49,5
DA:50,3
DA:55,2
DA:56,2
DA:57,1
DA:62,1
DA:63,1
DA:64,1
DA:66,1
DA:69,1
DA:71,1
DA:76,1
DA:85,0
DA:92,0
DA:102,1
DA:106,18
DA:107,2
DA:108,2
DA:110,2
DA:111,2
DA:113,0
DA:115,0
DA:121,0
DA:122,0
DA:129,0
DA:130,0
DA:132,0
DA:137,0
DA:146,0
DA:152,0
LF:45
LH:33
BRDA:15,0,0,2
BRDA:15,0,1,2
BRDA:49,1,0,3
BRDA:49,1,1,2
BRDA:56,2,0,1
BRDA:56,2,1,1
BRDA:69,3,0,1
BRDA:69,3,1,0
BRDA:111,4,0,2
BRDA:111,4,1,0
BRDA:121,5,0,0
BRDA:121,5,1,0
BRF:12
BRH:8
end_of_record
TN:
SF:app\controllers\user\bloodPressure.controller.js
FN:4,(anonymous_0)
FN:56,(anonymous_1)
FN:70,(anonymous_2)
FN:91,(anonymous_3)
FN:127,(anonymous_4)
FNF:5
FNH:5
FNDA:15,(anonymous_0)
FNDA:4,(anonymous_1)
FNDA:4,(anonymous_2)
FNDA:4,(anonymous_3)
FNDA:3,(anonymous_4)
DA:4,18
DA:5,15
DA:6,15
DA:7,15
DA:8,15
DA:10,13
DA:12,13
DA:13,5
DA:17,8
DA:18,2
DA:22,6
DA:23,2
DA:27,4
DA:35,1
DA:41,2
DA:50,2
DA:52,1
DA:56,18
DA:57,4
DA:58,4
DA:59,4
DA:61,2
DA:64,1
DA:66,1
DA:70,18
DA:71,4
DA:72,4
DA:73,4
DA:75,3
DA:76,3
DA:79,2
DA:80,1
DA:85,1
DA:87,1
DA:91,18
DA:92,4
DA:93,4
DA:94,4
DA:96,4
DA:97,4
DA:99,3
DA:100,3
DA:104,3
DA:105,1
DA:111,2
DA:121,1
DA:123,1
DA:127,18
DA:128,3
DA:129,3
DA:130,3
DA:132,2
DA:133,2
DA:136,1
DA:138,1
LF:55
LH:55
BRDA:8,0,0,2
BRDA:8,0,1,13
BRDA:10,1,0,1
BRDA:10,1,1,12
BRDA:12,2,0,5
BRDA:12,2,1,8
BRDA:12,3,0,13
BRDA:12,3,1,10
BRDA:17,4,0,2
BRDA:17,4,1,6
BRDA:17,5,0,8
BRDA:17,5,1,7
BRDA:22,6,0,2
BRDA:22,6,1,4
BRDA:22,7,0,6
BRDA:22,7,1,5
BRDA:27,8,0,1
BRDA:27,8,1,2
BRDA:28,9,0,4
BRDA:28,9,1,3
BRDA:28,9,2,2
BRDA:28,9,3,2
BRDA:28,9,4,2
BRDA:28,9,5,2
BRDA:59,10,0,2
BRDA:59,10,1,2
BRDA:73,11,0,1
BRDA:73,11,1,3
BRDA:79,12,0,1
BRDA:79,12,1,1
BRDA:97,13,0,1
BRDA:97,13,1,3
BRDA:99,14,0,0
BRDA:99,14,1,3
BRDA:104,15,0,1
BRDA:104,15,1,2
BRDA:104,16,0,3
BRDA:104,16,1,2
BRDA:130,17,0,1
BRDA:130,17,1,2
BRF:40
BRH:39
end_of_record
TN:
SF:app\controllers\user\bookmark.controller.js
FN:4,(anonymous_0)
FN:30,(anonymous_1)
FN:44,(anonymous_2)
FN:65,(anonymous_3)
FN:94,(anonymous_4)
FNF:5
FNH:2
FNDA:0,(anonymous_0)
FNDA:4,(anonymous_1)
FNDA:3,(anonymous_2)
FNDA:0,(anonymous_3)
FNDA:0,(anonymous_4)
DA:4,18
DA:5,0
DA:6,0
DA:7,0
DA:9,0
DA:10,0
DA:14,0
DA:15,0
DA:18,0
DA:24,0
DA:26,0
DA:30,18
DA:31,4
DA:32,4
DA:33,4
DA:35,2
DA:38,1
DA:40,1
DA:44,18
DA:45,3
DA:46,3
DA:47,3
DA:49,1
DA:50,1
DA:53,1
DA:54,0
DA:59,1
DA:61,0
DA:65,18
DA:66,0
DA:67,0
DA:68,0
DA:70,0
DA:71,0
DA:73,0
DA:77,0
DA:78,0
DA:81,0
DA:88,0
DA:90,0
DA:94,18
DA:95,0
DA:96,0
DA:97,0
DA:99,0
DA:100,0
DA:107,0
DA:109,0
LF:48
LH:18
BRDA:7,0,0,0
BRDA:7,0,1,0
BRDA:14,1,0,0
BRDA:14,1,1,0
BRDA:33,2,0,2
BRDA:33,2,1,2
BRDA:47,3,0,2
BRDA:47,3,1,1
BRDA:53,4,0,0
BRDA:53,4,1,1
BRDA:68,5,0,0
BRDA:68,5,1,0
BRDA:77,6,0,0
BRDA:77,6,1,0
BRDA:97,7,0,0
BRDA:97,7,1,0
BRF:16
BRH:5
end_of_record
TN:
SF:app\controllers\user\brochure.controller.js
FN:5,(anonymous_0)
FN:12,(anonymous_1)
FN:18,(anonymous_2)
FN:32,(anonymous_3)
FN:49,(anonymous_4)
FN:76,(anonymous_5)
FN:94,(anonymous_6)
FN:101,(anonymous_7)
FN:115,(anonymous_8)
FN:139,(anonymous_9)
FNF:10
FNH:0
FNDA:0,(anonymous_0)
FNDA:0,(anonymous_1)
FNDA:0,(anonymous_2)
FNDA:0,(anonymous_3)
FNDA:0,(anonymous_4)
FNDA:0,(anonymous_5)
FNDA:0,(anonymous_6)
FNDA:0,(anonymous_7)
FNDA:0,(anonymous_8)
FNDA:0,(anonymous_9)
DA:5,18
DA:6,0
DA:7,0
DA:8,0
DA:9,0
DA:12,0
DA:14,0
DA:18,0
DA:26,0
DA:28,0
DA:32,18
DA:33,0
DA:34,0
DA:35,0
DA:37,0
DA:43,0
DA:45,0
DA:49,18
DA:50,0
DA:51,0
DA:52,0
DA:54,0
DA:56,0
DA:63,0
DA:64,0
DA:70,0
DA:72,0
DA:76,18
DA:77,0
DA:78,0
DA:79,0
DA:81,0
DA:82,0
DA:86,0
DA:87,0
DA:93,0
DA:94,0
DA:96,0
DA:101,0
DA:109,0
DA:111,0
DA:115,18
DA:116,0
DA:117,0
DA:118,0
DA:120,0
DA:121,0
DA:125,0
DA:126,0
DA:132,0
DA:139,0
DA:140,0
DA:143,0
DA:145,0
LF:54
LH:5
BRDA:8,0,0,0
BRDA:8,0,1,0
BRDA:12,1,0,0
BRDA:12,1,1,0
BRDA:35,2,0,0
BRDA:35,2,1,0
BRDA:52,3,0,0
BRDA:52,3,1,0
BRDA:63,4,0,0
BRDA:63,4,1,0
BRDA:79,5,0,0
BRDA:79,5,1,0
BRDA:86,6,0,0
BRDA:86,6,1,0
BRDA:94,7,0,0
BRDA:94,7,1,0
BRDA:118,8,0,0
BRDA:118,8,1,0
BRDA:125,9,0,0
BRDA:125,9,1,0
BRF:20
BRH:0
end_of_record
TN:
SF:app\controllers\user\export.controller.js
FN:5,(anonymous_0)
FN:28,(anonymous_1)
FN:51,(anonymous_2)
FNF:3
FNH:0
FNDA:0,(anonymous_0)
FNDA:0,(anonymous_1)
FNDA:0,(anonymous_2)
DA:5,18
DA:6,0
DA:7,0
DA:8,0
DA:10,0
DA:14,0
DA:18,0
DA:22,0
DA:24,0
DA:28,18
DA:29,0
DA:30,0
DA:31,0
DA:33,0
DA:37,0
DA:41,0
DA:45,0
DA:47,0
DA:51,18
DA:52,0
DA:53,0
DA:54,0
DA:56,0
DA:60,0
DA:64,0
DA:68,0
DA:70,0
LF:27
LH:3
BRDA:8,0,0,0
BRDA:8,0,1,0
BRDA:31,1,0,0
BRDA:31,1,1,0
BRDA:54,2,0,0
BRDA:54,2,1,0
BRF:6
BRH:0
end_of_record
TN:
SF:app\controllers\user\questionnaire.controller.js
FN:4,(anonymous_0)
FN:26,(anonymous_1)
FN:47,(anonymous_2)
FN:78,(anonymous_3)
FN:102,(anonymous_4)
FNF:5
FNH:0
FNDA:0,(anonymous_0)
FNDA:0,(anonymous_1)
FNDA:0,(anonymous_2)
FNDA:0,(anonymous_3)
FNDA:0,(anonymous_4)
DA:4,18
DA:5,0
DA:6,0
DA:8,0
DA:20,0
DA:22,0
DA:26,18
DA:27,0
DA:28,0
DA:29,0
DA:31,0
DA:41,0
DA:43,0
DA:47,18
DA:48,0
DA:49,0
DA:50,0
DA:52,0
DA:54,0
DA:65,0
DA:66,0
DA:72,0
DA:74,0
DA:78,18
DA:79,0
DA:80,0
DA:81,0
DA:83,0
DA:84,0
DA:86,0
DA:96,0
DA:98,0
DA:102,18
DA:103,0
DA:104,0
DA:105,0
DA:107,0
DA:109,0
DA:113,0
DA:115,0
LF:40
LH:5
BRDA:29,0,0,0
BRDA:29,0,1,0
BRDA:50,1,0,0
BRDA:50,1,1,0
BRDA:65,2,0,0
BRDA:65,2,1,0
BRDA:81,3,0,0
BRDA:81,3,1,0
BRDA:105,4,0,0
BRDA:105,4,1,0
BRF:10
BRH:0
end_of_record
TN:
SF:app\controllers\user\questionnaireQuestion.controller.js
FN:4,(anonymous_0)
FN:25,(anonymous_1)
FN:45,(anonymous_2)
FN:64,(anonymous_3)
FN:93,(anonymous_4)
FN:116,(anonymous_5)
FNF:6
FNH:0
FNDA:0,(anonymous_0)
FNDA:0,(anonymous_1)
FNDA:0,(anonymous_2)
FNDA:0,(anonymous_3)
FNDA:0,(anonymous_4)
FNDA:0,(anonymous_5)
DA:4,18
DA:5,0
DA:6,0
DA:9,0
DA:19,0
DA:21,0
DA:25,18
DA:26,0
DA:27,0
DA:29,0
DA:30,0
DA:39,0
DA:41,0
DA:45,18
DA:46,0
DA:47,0
DA:48,0
DA:51,0
DA:58,0
DA:60,0
DA:64,18
DA:65,0
DA:66,0
DA:67,0
DA:69,0
DA:72,0
DA:80,0
DA:81,0
DA:87,0
DA:89,0
DA:93,18
DA:94,0
DA:95,0
DA:96,0
DA:98,0
DA:99,0
DA:102,0
DA:110,0
DA:112,0
DA:116,18
DA:117,0
DA:118,0
DA:119,0
DA:121,0
DA:124,0
DA:128,0
DA:130,0
LF:47
LH:6
BRDA:48,0,0,0
BRDA:48,0,1,0
BRDA:67,1,0,0
BRDA:67,1,1,0
BRDA:80,2,0,0
BRDA:80,2,1,0
BRDA:96,3,0,0
BRDA:96,3,1,0
BRDA:119,4,0,0
BRDA:119,4,1,0
BRF:10
BRH:0
end_of_record
TN:
SF:app\controllers\user\reminder.controller.js
FN:4,(anonymous_0)
FN:52,(anonymous_1)
FN:70,(anonymous_2)
FN:97,(anonymous_3)
FN:143,(anonymous_4)
FN:196,(anonymous_5)
FNF:6
FNH:6
FNDA:3,(anonymous_0)
FNDA:3,(anonymous_1)
FNDA:4,(anonymous_2)
FNDA:4,(anonymous_3)
FNDA:2,(anonymous_4)
FNDA:4,(anonymous_5)
DA:4,18
DA:5,3
DA:15,3
DA:17,3
DA:27,1
DA:33,2
DA:46,1
DA:48,1
DA:52,18
DA:53,3
DA:54,3
DA:55,3
DA:57,2
DA:64,1
DA:66,1
DA:70,18
DA:71,4
DA:72,4
DA:73,4
DA:75,3
DA:77,3
DA:84,2
DA:85,1
DA:91,1
DA:93,1
DA:97,18
DA:98,4
DA:99,4
DA:100,4
DA:102,3
DA:111,3
DA:113,3
DA:114,1
DA:120,2
DA:137,1
DA:139,1
DA:143,18
DA:144,2
DA:145,2
DA:146,2
DA:148,1
DA:149,1
DA:151,1
DA:155,1
DA:156,0
DA:161,1
DA:163,1
DA:164,0
DA:170,1
DA:182,1
DA:190,1
DA:192,0
DA:196,18
DA:197,4
DA:198,4
DA:199,4
DA:201,3
DA:203,3
DA:207,3
DA:208,1
DA:214,2
DA:218,1
DA:220,1
LF:63
LH:60
BRDA:17,0,0,1
BRDA:17,0,1,2
BRDA:18,1,0,3
BRDA:18,1,1,3
BRDA:18,1,2,2
BRDA:18,1,3,2
BRDA:18,1,4,2
BRDA:18,1,5,2
BRDA:18,1,6,2
BRDA:18,1,7,2
BRDA:55,2,0,1
BRDA:55,2,1,2
BRDA:73,3,0,1
BRDA:73,3,1,3
BRDA:84,4,0,1
BRDA:84,4,1,1
BRDA:100,5,0,1
BRDA:100,5,1,3
BRDA:113,6,0,1
BRDA:113,6,1,2
BRDA:146,7,0,1
BRDA:146,7,1,1
BRDA:155,8,0,0
BRDA:155,8,1,1
BRDA:163,9,0,0
BRDA:163,9,1,1
BRDA:199,10,0,1
BRDA:199,10,1,3
BRDA:207,11,0,1
BRDA:207,11,1,2
BRF:30
BRH:28
end_of_record
TN:
SF:app\controllers\user\schedule.controller.js
FN:4,(anonymous_0)
FN:22,(anonymous_1)
FN:42,(anonymous_2)
FN:69,(anonymous_3)
FN:106,(anonymous_4)
FNF:5
FNH:0
FNDA:0,(anonymous_0)
FNDA:0,(anonymous_1)
FNDA:0,(anonymous_2)
FNDA:0,(anonymous_3)
FNDA:0,(anonymous_4)
DA:4,18
DA:5,0
DA:6,0
DA:8,0
DA:16,0
DA:18,0
DA:22,18
DA:23,0
DA:24,0
DA:25,0
DA:27,0
DA:36,0
DA:38,0
DA:42,18
DA:43,0
DA:44,0
DA:45,0
DA:47,0
DA:49,0
DA:56,0
DA:57,0
DA:63,0
DA:65,0
DA:69,18
DA:70,0
DA:71,0
DA:72,0
DA:74,0
DA:75,0
DA:79,0
DA:80,0
DA:86,0
DA:88,0
DA:100,0
DA:102,0
DA:106,18
DA:107,0
DA:108,0
DA:109,0
DA:111,0
DA:112,0
DA:116,0
DA:117,0
DA:123,0
DA:127,0
DA:129,0
LF:46
LH:5
BRDA:25,0,0,0
BRDA:25,0,1,0
BRDA:45,1,0,0
BRDA:45,1,1,0
BRDA:56,2,0,0
BRDA:56,2,1,0
BRDA:72,3,0,0
BRDA:72,3,1,0
BRDA:79,4,0,0
BRDA:79,4,1,0
BRDA:109,5,0,0
BRDA:109,5,1,0
BRDA:116,6,0,0
BRDA:116,6,1,0
BRF:14
BRH:0
end_of_record
TN:
SF:app\controllers\user\user.controller.js
FN:4,(anonymous_0)
FN:31,(anonymous_1)
FNF:2
FNH:0
FNDA:0,(anonymous_0)
FNDA:0,(anonymous_1)
DA:4,18
DA:5,0
DA:6,0
DA:7,0
DA:9,0
DA:15,0
DA:16,0
DA:22,0
DA:27,0
DA:31,18
DA:32,0
DA:33,0
DA:34,0
DA:36,0
DA:38,0
DA:40,0
DA:41,0
DA:42,0
DA:50,0
DA:62,0
DA:67,0
LF:21
LH:2
BRDA:7,0,0,0
BRDA:7,0,1,0
BRDA:15,1,0,0
BRDA:15,1,1,0
BRDA:34,2,0,0
BRDA:34,2,1,0
BRDA:38,3,0,0
BRDA:38,3,1,0
BRDA:40,4,0,0
BRDA:40,4,1,0
BRDA:41,5,0,0
BRDA:41,5,1,0
BRDA:41,6,0,0
BRDA:41,6,1,0
BRDA:41,6,2,0
BRF:15
BRH:0
end_of_record
TN:
SF:app\controllers\user\userDashboard.controller.js
FN:4,(anonymous_0)
FN:34,(anonymous_1)
FN:35,(anonymous_2)
FNF:3
FNH:0
FNDA:0,(anonymous_0)
FNDA:0,(anonymous_1)
FNDA:0,(anonymous_2)
DA:4,18
DA:5,0
DA:6,0
DA:7,0
DA:9,0
DA:11,0
DA:16,0
DA:25,0
DA:34,0
DA:35,0
DA:36,0
DA:38,0
DA:46,0
DA:55,0
LF:14
LH:1
BRDA:9,0,0,0
BRDA:9,0,1,0
BRDA:39,1,0,0
BRDA:39,1,1,0
BRDA:39,1,2,0
BRF:5
BRH:0
end_of_record
TN:
SF:app\controllers\user\video.controller.js
FN:4,(anonymous_0)
FN:42,(anonymous_1)
FN:57,(anonymous_2)
FN:59,(anonymous_3)
FN:70,(anonymous_4)
FN:84,(anonymous_5)
FN:95,(anonymous_6)
FN:105,(anonymous_7)
FN:129,(anonymous_8)
FN:155,(anonymous_9)
FNF:10
FNH:0
FNDA:0,(anonymous_0)
FNDA:0,(anonymous_1)
FNDA:0,(anonymous_2)
FNDA:0,(anonymous_3)
FNDA:0,(anonymous_4)
FNDA:0,(anonymous_5)
FNDA:0,(anonymous_6)
FNDA:0,(anonymous_7)
FNDA:0,(anonymous_8)
FNDA:0,(anonymous_9)
DA:4,18
DA:5,0
DA:6,0
DA:8,0
DA:9,0
DA:13,0
DA:14,0
DA:20,0
DA:22,0
DA:23,0
DA:25,0
DA:36,0
DA:38,0
DA:42,18
DA:43,0
DA:44,0
DA:45,0
DA:47,0
DA:48,0
DA:56,0
DA:57,0
DA:59,0
DA:64,0
DA:66,0
DA:70,18
DA:71,0
DA:72,0
DA:73,0
DA:75,0
DA:84,0
DA:85,0
DA:93,0
DA:95,0
DA:101,0
DA:105,18
DA:106,0
DA:107,0
DA:108,0
DA:110,0
DA:112,0
DA:116,0
DA:117,0
DA:123,0
DA:125,0
DA:129,18
DA:130,0
DA:131,0
DA:132,0
DA:134,0
DA:135,0
DA:137,0
DA:149,0
DA:151,0
DA:155,18
DA:156,0
DA:157,0
DA:158,0
DA:160,0
DA:162,0
DA:166,0
DA:168,0
LF:61
LH:6
BRDA:8,0,0,0
BRDA:8,0,1,0
BRDA:8,1,0,0
BRDA:8,1,1,0
BRDA:13,2,0,0
BRDA:13,2,1,0
BRDA:45,3,0,0
BRDA:45,3,1,0
BRDA:73,4,0,0
BRDA:73,4,1,0
BRDA:108,5,0,0
BRDA:108,5,1,0
BRDA:116,6,0,0
BRDA:116,6,1,0
BRDA:132,7,0,0
BRDA:132,7,1,0
BRDA:158,8,0,0
BRDA:158,8,1,0
BRF:18
BRH:0
end_of_record
TN:
SF:app\lib\convertJSONtoXLSX.js
FN:3,convertJSONToXLSX
FNF:1
FNH:0
FNDA:0,convertJSONToXLSX
DA:4,0
DA:5,0
DA:6,0
DA:7,0
LF:4
LH:0
BRF:0
BRH:0
end_of_record
TN:
SF:app\lib\dbConnect.js
FNF:0
FNH:0
DA:3,17
LF:1
LH:1
BRF:0
BRH:0
end_of_record
TN:
SF:app\lib\multerStorage.js
FN:10,(anonymous_0)
FN:13,(anonymous_1)
FN:23,(anonymous_2)
FN:36,(anonymous_3)
FNF:4
FNH:4
FNDA:3,(anonymous_0)
FNDA:3,(anonymous_1)
FNDA:2,(anonymous_2)
FNDA:2,(anonymous_3)
DA:7,18
DA:9,18
DA:11,3
DA:14,3
DA:18,3
DA:19,3
DA:23,18
DA:24,2
DA:25,2
DA:26,1
DA:28,1
DA:36,18
DA:37,2
DA:38,2
DA:39,2
DA:41,0
DA:49,18
DA:62,18
LF:18
LH:17
BRDA:25,0,0,1
BRDA:25,0,1,1
BRDA:38,1,0,2
BRDA:38,1,1,0
BRF:4
BRH:3
end_of_record
TN:
SF:app\lib\tokenHandler.js
FN:7,(anonymous_0)
FN:22,(anonymous_1)
FN:39,(anonymous_2)
FN:47,(anonymous_3)
FNF:4
FNH:4
FNDA:4,(anonymous_0)
FNDA:74,(anonymous_1)
FNDA:1638,(anonymous_2)
FNDA:76,(anonymous_3)
DA:5,18
DA:7,18
DA:8,4
DA:9,4
DA:10,4
DA:12,4
DA:13,0
DA:16,4
DA:18,0
DA:22,18
DA:23,74
DA:24,74
DA:26,74
DA:27,0
DA:30,74
DA:32,24
DA:39,18
DA:40,1638
DA:42,1638
DA:48,76
DA:49,0
DA:51,60
DA:52,0
DA:53,0
DA:55,60
DA:56,60
LF:26
LH:20
BRDA:7,0,0,2
BRDA:9,1,0,2
BRDA:9,1,1,2
BRDA:10,2,0,2
BRDA:10,2,1,2
BRDA:12,3,0,0
BRDA:12,3,1,4
BRDA:22,4,0,72
BRDA:24,5,0,72
BRDA:24,5,1,2
BRDA:26,6,0,0
BRDA:26,6,1,74
BRDA:39,7,0,1638
BRDA:40,8,0,0
BRDA:40,8,1,1638
BRDA:48,9,0,0
BRDA:48,9,1,60
BRDA:48,10,0,76
BRDA:48,10,1,60
BRDA:51,11,0,0
BRDA:51,11,1,60
BRF:21
BRH:16
end_of_record
TN:
SF:app\lib\userHandler.js
FN:3,getUserById
FNF:1
FNH:0
FNDA:0,getUserById
DA:4,0
DA:7,0
LF:2
LH:0
BRF:0
BRH:0
end_of_record
TN:
SF:app\routes\routes.js
FNF:0
FNH:0
DA:31,18
DA:34,18
DA:35,18
DA:36,18
DA:37,18
DA:38,18
DA:39,18
DA:40,18
DA:41,18
DA:42,18
DA:43,18
DA:44,18
DA:45,18
DA:46,18
DA:50,18
DA:51,18
DA:52,18
DA:53,18
DA:54,18
DA:55,18
DA:56,18
DA:57,18
DA:58,18
DA:59,18
DA:60,18
DA:61,18
DA:62,18
DA:63,18
DA:64,18
LF:29
LH:29
BRF:0
BRH:0
end_of_record
TN:
SF:app\routes\admin\auth.route.js
FNF:0
FNH:0
DA:4,18
DA:6,18
LF:2
LH:2
BRF:0
BRH:0
end_of_record
TN:
SF:app\routes\admin\bloodPressure.route.js
FNF:0
FNH:0
DA:6,18
DA:8,18
DA:13,18
DA:18,18
DA:24,18
DA:30,18
LF:6
LH:6
BRF:0
BRH:0
end_of_record
TN:
SF:app\routes\admin\bookmark.route.js
FNF:0
FNH:0
DA:5,18
DA:7,18
DA:12,18
DA:17,18
DA:22,18
DA:27,18
LF:6
LH:6
BRF:0
BRH:0
end_of_record
TN:
SF:app\routes\admin\brochure.route.js
FNF:0
FNH:0
DA:6,18
DA:8,18
DA:13,18
DA:18,18
DA:24,18
DA:30,18
LF:6
LH:6
BRF:0
BRH:0
end_of_record
TN:
SF:app\routes\admin\export.route.js
FNF:0
FNH:0
DA:5,18
DA:7,18
LF:2
LH:2
BRF:0
BRH:0
end_of_record
TN:
SF:app\routes\admin\index.js
FNF:0
FNH:0
LF:0
LH:0
BRF:0
BRH:0
end_of_record
TN:
SF:app\routes\admin\questionnaire.route.js
FNF:0
FNH:0
DA:5,18
DA:7,18
DA:12,18
DA:17,18
DA:22,18
DA:27,18
LF:6
LH:6
BRF:0
BRH:0
end_of_record
TN:
SF:app\routes\admin\questionnaireQuestion.route.js
FNF:0
FNH:0
DA:5,18
DA:7,18
DA:12,18
DA:17,18
DA:21,18
DA:25,18
DA:30,18
LF:7
LH:7
BRF:0
BRH:0
end_of_record
TN:
SF:app\routes\admin\reminder.route.js
FNF:0
FNH:0
DA:5,18
DA:7,18
DA:12,18
DA:17,18
DA:22,18
DA:27,18
LF:6
LH:6
BRF:0
BRH:0
end_of_record
TN:
SF:app\routes\admin\schedule.route.js
FNF:0
FNH:0
DA:5,18
DA:7,18
DA:12,18
DA:17,18
DA:21,18
DA:26,18
LF:6
LH:6
BRF:0
BRH:0
end_of_record
TN:
SF:app\routes\admin\user.route.js
FNF:0
FNH:0
DA:6,18
DA:8,18
DA:13,18
DA:18,18
LF:4
LH:4
BRF:0
BRH:0
end_of_record
TN:
SF:app\routes\admin\video.route.js
FNF:0
FNH:0
DA:5,18
DA:7,18
DA:12,18
DA:17,18
DA:22,18
DA:27,18
LF:6
LH:6
BRF:0
BRH:0
end_of_record
TN:
SF:app\routes\user\article.route.js
FNF:0
FNH:0
DA:6,18
DA:8,18
DA:13,18
DA:18,18
DA:23,18
DA:28,18
LF:6
LH:6
BRF:0
BRH:0
end_of_record
TN:
SF:app\routes\user\auth.route.js
FNF:0
FNH:0
DA:4,18
DA:6,18
DA:10,18
DA:14,18
LF:4
LH:4
BRF:0
BRH:0
end_of_record
TN:
SF:app\routes\user\bloodPressure.route.js
FNF:0
FNH:0
DA:6,18
DA:8,18
DA:13,18
DA:18,18
DA:24,18
DA:30,18
LF:6
LH:6
BRF:0
BRH:0
end_of_record
TN:
SF:app\routes\user\bookmark.route.js
FNF:0
FNH:0
DA:5,18
DA:7,18
DA:12,18
DA:17,18
DA:22,18
DA:27,18
LF:6
LH:6
BRF:0
BRH:0
end_of_record
TN:
SF:app\routes\user\brochure.route.js
FNF:0
FNH:0
DA:6,18
DA:8,18
DA:13,18
DA:18,18
DA:24,18
DA:30,18
LF:6
LH:6
BRF:0
BRH:0
end_of_record
TN:
SF:app\routes\user\export.route.js
FNF:0
FNH:0
DA:5,18
DA:7,18
DA:12,18
DA:17,18
LF:4
LH:4
BRF:0
BRH:0
end_of_record
TN:
SF:app\routes\user\index.js
FNF:0
FNH:0
LF:0
LH:0
BRF:0
BRH:0
end_of_record
TN:
SF:app\routes\user\questionnaire.route.js
FNF:0
FNH:0
DA:5,18
DA:7,18
DA:12,18
DA:17,18
DA:22,18
DA:27,18
LF:6
LH:6
BRF:0
BRH:0
end_of_record
TN:
SF:app\routes\user\questionnaireQuestion.route.js
FNF:0
FNH:0
DA:5,18
DA:7,18
DA:12,18
DA:17,18
DA:21,18
DA:26,18
LF:6
LH:6
BRF:0
BRH:0
end_of_record
TN:
SF:app\routes\user\reminder.route.js
FNF:0
FNH:0
DA:5,18
DA:7,18
DA:12,18
DA:17,18
DA:22,18
DA:27,18
DA:32,18
LF:7
LH:7
BRF:0
BRH:0
end_of_record
TN:
SF:app\routes\user\schedule.route.js
FNF:0
FNH:0
DA:5,18
DA:7,18
DA:12,18
DA:17,18
DA:21,18
DA:26,18
LF:6
LH:6
BRF:0
BRH:0
end_of_record
TN:
SF:app\routes\user\user.route.js
FNF:0
FNH:0
DA:6,18
DA:8,18
DA:13,18
LF:3
LH:3
BRF:0
BRH:0
end_of_record
TN:
SF:app\routes\user\userDashboard.route.js
FNF:0
FNH:0
DA:5,18
DA:7,18
LF:2
LH:2
BRF:0
BRH:0
end_of_record
TN:
SF:app\routes\user\video.route.js
FNF:0
FNH:0
DA:5,18
DA:7,18
DA:12,18
DA:17,18
DA:22,18
DA:26,18
DA:31,18
LF:7
LH:7
BRF:0
BRH:0
end_of_record
TN:
SF:test\index.js
FN:4,(anonymous_0)
FN:12,(anonymous_1)
FN:24,(anonymous_2)
FNF:3
FNH:3
FNDA:4,(anonymous_0)
FNDA:4,(anonymous_1)
FNDA:4,(anonymous_2)
DA:4,1
DA:5,4
DA:12,1
DA:13,4
DA:24,1
DA:25,4
LF:6
LH:6
BRF:0
BRH:0
end_of_record
